TN:
SF:core/blong-gogo/src/AdapterBase.ts
FN:83,<instance_members_initializer>
FN:115,AdapterBase
FN:145,activeConfig
FN:152,init
FN:180,error
FN:190,findValidation
FN:194,handles
FN:204,methodPath
FN:212,getConversion
FN:241,dispatch
FN:250,event
FN:275,drain
FN:277,findHandler
FN:282,request
FN:286,publish
FN:291,ready
FN:295,forNamespaces
FN:302,start
FN:305,forNamespaces.req
FN:326,link
FN:334,handle
FN:346,connect
FN:353,connected
FN:357,stop
FN:369,adapter
FNF:25
FNH:22
FNDA:55,<instance_members_initializer>
FNDA:55,AdapterBase
FNDA:55,activeConfig
FNDA:55,init
FNDA:12,error
FNDA:343,findValidation
FNDA:290,handles
FNDA:339,methodPath
FNDA:347,getConversion
FNDA:0,dispatch
FNDA:165,event
FNDA:0,drain
FNDA:1867,findHandler
FNDA:170,request
FNDA:0,publish
FNDA:55,ready
FNDA:55,forNamespaces
FNDA:55,start
FNDA:59,forNamespaces.req
FNDA:1,link
FNDA:164,handle
FNDA:55,connect
FNDA:55,connected
FNDA:55,stop
FNDA:55,adapter
DA:1,1
DA:2,1
DA:3,1
DA:4,1
DA:5,1
DA:6,1
DA:7,1
DA:8,1
DA:9,1
DA:10,1
DA:11,1
DA:12,1
DA:13,1
DA:14,1
DA:15,1
DA:16,1
DA:17,1
DA:18,1
DA:19,1
DA:20,1
DA:21,1
DA:22,1
DA:23,1
DA:24,1
DA:25,1
DA:26,1
DA:27,1
DA:28,1
DA:29,1
DA:30,1
DA:31,1
DA:32,1
DA:33,1
DA:34,1
DA:35,1
DA:36,1
DA:37,1
DA:38,1
DA:39,1
DA:40,1
DA:41,1
DA:42,1
DA:43,1
DA:44,1
DA:45,1
DA:46,1
DA:47,1
DA:48,1
DA:49,1
DA:50,1
DA:51,1
DA:52,1
DA:53,1
DA:54,1
DA:55,1
DA:56,1
DA:57,1
DA:58,1
DA:59,1
DA:60,1
DA:61,1
DA:62,1
DA:63,1
DA:64,1
DA:65,1
DA:66,1
DA:67,1
DA:68,1
DA:69,1
DA:70,1
DA:71,1
DA:72,1
DA:73,1
DA:74,1
DA:75,1
DA:76,1
DA:77,1
DA:78,1
DA:79,1
DA:80,1
DA:81,1
DA:82,1
DA:83,1
DA:84,55
DA:85,55
DA:86,55
DA:87,55
DA:88,55
DA:89,55
DA:90,55
DA:91,55
DA:92,55
DA:93,55
DA:94,55
DA:95,55
DA:96,55
DA:97,55
DA:98,55
DA:99,55
DA:100,55
DA:101,55
DA:102,55
DA:103,55
DA:104,55
DA:105,55
DA:106,55
DA:107,55
DA:108,55
DA:109,55
DA:110,55
DA:111,55
DA:112,55
DA:113,55
DA:114,1
DA:115,1
DA:116,55
DA:117,55
DA:118,55
DA:119,55
DA:120,55
DA:121,55
DA:122,55
DA:123,55
DA:124,55
DA:125,55
DA:126,55
DA:127,55
DA:128,55
DA:129,55
DA:130,55
DA:131,55
DA:132,55
DA:133,55
DA:134,55
DA:135,55
DA:136,55
DA:137,55
DA:138,55
DA:139,55
DA:140,55
DA:141,55
DA:142,55
DA:143,55
DA:144,1
DA:145,1
DA:146,55
DA:147,55
DA:148,55
DA:149,55
DA:150,55
DA:151,1
DA:152,1
DA:153,55
DA:154,55
DA:155,55
DA:156,55
DA:157,55
DA:158,55
DA:159,55
DA:160,55
DA:161,55
DA:162,55
DA:163,55
DA:164,55
DA:165,55
DA:166,55
DA:167,55
DA:168,55
DA:169,55
DA:170,55
DA:171,55
DA:172,55
DA:173,55
DA:174,55
DA:175,55
DA:176,55
DA:177,55
DA:178,55
DA:179,1
DA:180,1
DA:181,12
DA:182,12
DA:183,8
DA:184,8
DA:185,8
DA:186,4
DA:187,12
DA:188,12
DA:189,1
DA:190,1
DA:191,343
DA:192,343
DA:193,1
DA:194,1
DA:195,290
DA:196,290
DA:197,290
DA:198,290
DA:199,290
DA:200,290
DA:201,290
DA:202,290
DA:203,1
DA:204,1
DA:205,339
DA:206,339
DA:207,339
DA:208,339
DA:209,339
DA:210,339
DA:211,1
DA:212,1
DA:213,347
DA:214,347
DA:215,347
DA:216,347
DA:217,347
DA:218,347
DA:219,347
DA:220,347
DA:221,339
DA:222,339
DA:223,339
DA:224,347
DA:225,347
DA:226,339
DA:227,339
DA:228,339
DA:229,347
DA:230,339
DA:231,339
DA:232,339
DA:233,347
DA:234,347
DA:235,334
DA:236,334
DA:237,334
DA:238,347
DA:239,347
DA:240,1
DA:241,1
DA:242,0
DA:243,0
DA:244,0
DA:245,0
DA:246,0
DA:247,0
DA:248,0
DA:249,1
DA:250,1
DA:251,165
DA:252,162
DA:253,162
DA:254,162
DA:255,165
DA:256,165
DA:257,165
DA:258,228
DA:259,165
DA:260,165
DA:261,165
DA:262,165
DA:263,0
DA:264,0
DA:265,165
DA:266,165
DA:267,165
DA:268,2
DA:269,2
DA:270,165
DA:271,165
DA:272,165
DA:273,165
DA:274,1
DA:275,1
DA:276,1
DA:277,1
DA:278,1867
DA:279,1867
DA:280,1867
DA:281,1
DA:282,1
DA:283,170
DA:284,170
DA:285,1
DA:286,1
DA:287,0
DA:288,0
DA:289,0
DA:290,1
DA:291,1
DA:292,55
DA:293,55
DA:294,1
DA:295,1
DA:296,55
DA:297,55
DA:298,55
DA:299,55
DA:300,55
DA:301,1
DA:302,1
DA:303,55
DA:304,55
DA:305,55
DA:306,59
DA:307,59
DA:308,59
DA:309,59
DA:310,59
DA:311,59
DA:312,59
DA:313,59
DA:314,59
DA:315,59
DA:316,59
DA:317,59
DA:318,55
DA:319,55
DA:320,55
DA:321,55
DA:322,55
DA:323,55
DA:324,55
DA:325,1
DA:326,1
DA:327,1
DA:328,1
DA:329,1
DA:330,1
DA:331,1
DA:332,1
DA:333,1
DA:334,1
DA:335,164
DA:336,164
DA:337,164
DA:338,164
DA:339,164
DA:340,164
DA:341,164
DA:342,0
DA:343,0
DA:344,164
DA:345,1
DA:346,1
DA:347,55
DA:348,55
DA:349,55
DA:350,55
DA:351,55
DA:352,1
DA:353,1
DA:354,55
DA:355,55
DA:356,1
DA:357,1
DA:358,55
DA:359,55
DA:360,1
DA:361,1
DA:362,1
DA:363,1
DA:364,1
DA:365,1
DA:366,1
DA:367,1
DA:368,1
DA:369,1
DA:370,55
DA:371,55
DA:372,55
DA:373,55
DA:374,55
DA:375,55
DA:376,55
DA:377,55
DA:378,55
DA:379,55
DA:380,55
DA:381,55
DA:382,44
DA:383,44
DA:384,44
DA:385,44
DA:386,44
DA:387,44
DA:388,55
DA:389,55
DA:390,55
DA:391,55
LF:391
LH:377
BRDA:83,0,0,55
BRDA:115,1,0,55
BRDA:140,2,0,55
BRDA:145,3,0,55
BRDA:152,4,0,55
BRDA:154,5,0,48
BRDA:157,6,0,1
BRDA:180,7,0,12
BRDA:182,8,0,8
BRDA:183,9,0,0
BRDA:185,10,0,4
BRDA:190,11,0,343
BRDA:194,12,0,290
BRDA:195,13,0,0
BRDA:198,14,0,0
BRDA:198,15,0,0
BRDA:199,16,0,290
BRDA:200,17,0,0
BRDA:204,18,0,339
BRDA:206,19,0,0
BRDA:208,20,0,0
BRDA:212,21,0,347
BRDA:220,22,0,339
BRDA:225,23,0,339
BRDA:229,24,0,339
BRDA:234,25,0,339
BRDA:234,26,0,334
BRDA:250,27,0,165
BRDA:251,28,0,162
BRDA:256,29,0,105
BRDA:262,30,0,0
BRDA:265,31,0,0
BRDA:267,32,0,2
BRDA:257,33,0,228
BRDA:258,34,0,2
BRDA:277,35,0,1867
BRDA:282,36,0,170
BRDA:291,37,0,55
BRDA:295,38,0,55
BRDA:298,39,0,13
BRDA:298,40,0,12
BRDA:302,41,0,55
BRDA:305,42,0,59
BRDA:326,43,0,1
BRDA:334,44,0,164
BRDA:336,45,0,0
BRDA:337,46,0,0
BRDA:338,47,0,120
BRDA:341,48,0,0
BRDA:346,49,0,55
BRDA:353,50,0,55
BRDA:357,51,0,55
BRDA:369,52,0,55
BRDA:381,53,0,44
BRDA:383,54,0,0
BRF:55
BRH:42
end_of_record
TN:
SF:core/blong-gogo/src/ApiSchema.ts
FN:22,<instance_members_initializer>
FN:39,ApiSchema
FN:45,method
FN:52,loadApi
FN:59,schema
FN:199,_params
FN:246,_response
FN:259,_paramType
FN:273,_type
FN:294,generateFile
FN:309,generateDir
FNF:11
FNH:6
FNDA:11,<instance_members_initializer>
FNDA:11,ApiSchema
FNDA:0,method
FNDA:1,loadApi
FNDA:1,schema
FNDA:0,_params
FNDA:0,_response
FNDA:0,_paramType
FNDA:0,_type
FNDA:183,generateFile
FNDA:79,generateDir
DA:1,1
DA:2,1
DA:3,1
DA:4,1
DA:5,1
DA:6,1
DA:7,1
DA:8,1
DA:9,1
DA:10,1
DA:11,1
DA:12,1
DA:13,1
DA:14,1
DA:15,1
DA:16,1
DA:17,1
DA:18,1
DA:19,1
DA:20,1
DA:21,1
DA:22,1
DA:23,11
DA:24,11
DA:25,11
DA:26,11
DA:27,11
DA:28,11
DA:29,11
DA:30,11
DA:31,11
DA:32,11
DA:33,11
DA:34,11
DA:35,11
DA:36,11
DA:37,11
DA:38,1
DA:39,1
DA:40,11
DA:41,11
DA:42,11
DA:43,11
DA:44,1
DA:45,1
DA:46,0
DA:47,0
DA:48,0
DA:49,0
DA:50,0
DA:51,1
DA:52,1
DA:53,1
DA:54,1
DA:55,1
DA:56,1
DA:57,1
DA:58,1
DA:59,1
DA:60,1
DA:61,1
DA:62,1
DA:63,1
DA:64,1
DA:65,1
DA:66,1
DA:67,1
DA:68,1
DA:69,1
DA:70,1
DA:71,0
DA:72,0
DA:73,0
DA:74,0
DA:75,0
DA:76,0
DA:77,0
DA:78,0
DA:79,0
DA:80,0
DA:81,0
DA:82,0
DA:83,0
DA:84,0
DA:85,0
DA:86,0
DA:87,0
DA:88,0
DA:89,1
DA:90,1
DA:91,0
DA:92,0
DA:93,0
DA:94,0
DA:95,0
DA:96,1
DA:97,1
DA:98,1
DA:99,1
DA:100,1
DA:101,0
DA:102,0
DA:103,0
DA:104,0
DA:105,0
DA:106,0
DA:107,0
DA:108,0
DA:109,0
DA:110,0
DA:111,0
DA:112,0
DA:113,0
DA:114,0
DA:115,0
DA:116,0
DA:117,0
DA:118,0
DA:119,0
DA:120,0
DA:121,0
DA:122,0
DA:123,0
DA:124,0
DA:125,0
DA:126,0
DA:127,0
DA:128,0
DA:129,0
DA:130,0
DA:131,0
DA:132,0
DA:133,0
DA:134,0
DA:135,0
DA:136,0
DA:137,0
DA:138,0
DA:139,0
DA:140,0
DA:141,0
DA:142,0
DA:143,0
DA:144,0
DA:145,0
DA:146,0
DA:147,0
DA:148,0
DA:149,0
DA:150,0
DA:151,0
DA:152,0
DA:153,0
DA:154,1
DA:155,1
DA:156,3
DA:157,0
DA:158,0
DA:159,0
DA:160,0
DA:161,0
DA:162,0
DA:163,3
DA:164,1
DA:165,0
DA:166,0
DA:167,0
DA:168,0
DA:169,0
DA:170,0
DA:171,0
DA:172,0
DA:173,0
DA:174,0
DA:175,0
DA:176,0
DA:177,0
DA:178,0
DA:179,0
DA:180,0
DA:181,0
DA:182,0
DA:183,0
DA:184,0
DA:185,0
DA:186,0
DA:187,0
DA:188,0
DA:189,0
DA:190,0
DA:191,0
DA:192,0
DA:193,0
DA:194,0
DA:195,0
DA:196,1
DA:197,1
DA:198,1
DA:199,1
DA:200,0
DA:201,0
DA:202,0
DA:203,0
DA:204,0
DA:205,0
DA:206,0
DA:207,0
DA:208,0
DA:209,0
DA:210,0
DA:211,0
DA:212,0
DA:213,0
DA:214,0
DA:215,0
DA:216,0
DA:217,0
DA:218,0
DA:219,0
DA:220,0
DA:221,0
DA:222,0
DA:223,0
DA:224,0
DA:225,0
DA:226,0
DA:227,0
DA:228,0
DA:229,0
DA:230,0
DA:231,0
DA:232,0
DA:233,0
DA:234,0
DA:235,0
DA:236,0
DA:237,0
DA:238,0
DA:239,0
DA:240,0
DA:241,0
DA:242,0
DA:243,0
DA:244,0
DA:245,1
DA:246,1
DA:247,0
DA:248,0
DA:249,0
DA:250,0
DA:251,0
DA:252,0
DA:253,0
DA:254,0
DA:255,0
DA:256,0
DA:257,0
DA:258,1
DA:259,1
DA:260,0
DA:261,0
DA:262,0
DA:263,0
DA:264,0
DA:265,0
DA:266,0
DA:267,0
DA:268,0
DA:269,0
DA:270,0
DA:271,0
DA:272,1
DA:273,1
DA:274,0
DA:275,0
DA:276,0
DA:277,0
DA:278,0
DA:279,0
DA:280,0
DA:281,0
DA:282,0
DA:283,0
DA:284,0
DA:285,0
DA:286,0
DA:287,0
DA:288,0
DA:289,0
DA:290,0
DA:291,0
DA:292,0
DA:293,1
DA:294,1
DA:295,183
DA:296,183
DA:297,0
DA:298,0
DA:299,0
DA:300,0
DA:301,0
DA:302,0
DA:303,0
DA:304,0
DA:305,0
DA:306,0
DA:307,0
DA:308,1
DA:309,1
DA:310,79
DA:311,79
DA:312,79
DA:313,4
DA:314,79
DA:315,79
DA:316,79
DA:317,4
DA:318,4
DA:319,4
DA:320,4
DA:321,4
DA:322,4
DA:323,15
DA:324,4
DA:325,4
DA:326,4
DA:327,1
LF:327
LH:111
BRDA:22,0,0,11
BRDA:39,1,0,11
BRDA:52,2,0,1
BRDA:59,3,0,1
BRDA:70,4,0,0
BRDA:90,5,0,0
BRDA:98,6,0,0
BRDA:100,7,0,0
BRDA:155,8,0,3
BRDA:156,9,0,0
BRDA:164,10,0,0
BRDA:294,11,0,183
BRDA:295,12,0,0
BRDA:296,13,0,0
BRDA:309,14,0,79
BRDA:310,15,0,0
BRDA:312,16,0,75
BRDA:312,17,0,4
BRDA:316,18,0,4
BRDA:322,19,0,15
BRF:20
BRH:11
end_of_record
TN:
SF:core/blong-gogo/src/BrowserLog.ts
FN:1,(empty-report)
FNF:1
FNH:0
FNDA:0,(empty-report)
DA:1,0
DA:2,0
DA:3,0
DA:4,0
DA:5,0
DA:6,0
DA:7,0
DA:8,0
DA:9,0
DA:10,0
DA:11,0
DA:12,0
DA:13,0
DA:14,0
DA:15,0
DA:16,0
DA:17,0
DA:18,0
DA:19,0
DA:20,0
DA:21,0
DA:22,0
DA:23,0
DA:24,0
DA:25,0
DA:26,0
DA:27,0
DA:28,0
DA:29,0
DA:30,0
DA:31,0
DA:32,0
DA:33,0
DA:34,0
DA:35,0
DA:36,0
DA:37,0
DA:38,0
DA:39,0
DA:40,0
DA:41,0
DA:42,0
DA:43,0
DA:44,0
DA:45,0
DA:46,0
DA:47,0
DA:48,0
DA:49,0
DA:50,0
DA:51,0
DA:52,0
DA:53,0
DA:54,0
DA:55,0
DA:56,0
DA:57,0
DA:58,0
DA:59,0
DA:60,0
DA:61,0
DA:62,0
DA:63,0
DA:64,0
DA:65,0
DA:66,0
DA:67,0
DA:68,0
DA:69,0
DA:70,0
DA:71,0
DA:72,0
DA:73,0
DA:74,0
DA:75,0
DA:76,0
DA:77,0
DA:78,0
DA:79,0
DA:80,0
DA:81,0
DA:82,0
DA:83,0
DA:84,0
DA:85,0
DA:86,0
DA:87,0
DA:88,0
DA:89,0
DA:90,0
DA:91,0
DA:92,0
DA:93,0
DA:94,0
DA:95,0
DA:96,0
DA:97,0
DA:98,0
DA:99,0
DA:100,0
DA:101,0
DA:102,0
DA:103,0
DA:104,0
DA:105,0
DA:106,0
DA:107,0
DA:108,0
DA:109,0
DA:110,0
DA:111,0
DA:112,0
DA:113,0
DA:114,0
DA:115,0
DA:116,0
DA:117,0
DA:118,0
DA:119,0
DA:120,0
DA:121,0
DA:122,0
DA:123,0
DA:124,0
DA:125,0
DA:126,0
DA:127,0
DA:128,0
DA:129,0
DA:130,0
DA:131,0
DA:132,0
DA:133,0
DA:134,0
DA:135,0
DA:136,0
DA:137,0
DA:138,0
DA:139,0
DA:140,0
DA:141,0
DA:142,0
DA:143,0
DA:144,0
DA:145,0
DA:146,0
DA:147,0
DA:148,0
DA:149,0
DA:150,0
DA:151,0
DA:152,0
DA:153,0
DA:154,0
DA:155,0
DA:156,0
DA:157,0
DA:158,0
DA:159,0
DA:160,0
DA:161,0
DA:162,0
DA:163,0
DA:164,0
DA:165,0
DA:166,0
DA:167,0
DA:168,0
DA:169,0
DA:170,0
DA:171,0
DA:172,0
DA:173,0
DA:174,0
DA:175,0
DA:176,0
DA:177,0
DA:178,0
DA:179,0
DA:180,0
DA:181,0
DA:182,0
DA:183,0
DA:184,0
DA:185,0
DA:186,0
DA:187,0
DA:188,0
DA:189,0
DA:190,0
DA:191,0
DA:192,0
DA:193,0
DA:194,0
DA:195,0
DA:196,0
DA:197,0
DA:198,0
DA:199,0
DA:200,0
DA:201,0
DA:202,0
DA:203,0
DA:204,0
DA:205,0
DA:206,0
DA:207,0
DA:208,0
DA:209,0
DA:210,0
DA:211,0
DA:212,0
LF:212
LH:0
BRDA:1,0,0,0
BRF:1
BRH:0
end_of_record
TN:
SF:core/blong-gogo/src/ConfigRuntime.ts
FN:44,createConfigProxy
FN:84,enterConfig
FN:96,exitConfig
FN:103,makePathKey
FN:116,getNode
FN:125,createPathProxy
FN:133,get
FN:158,set
FN:163,has
FN:168,ownKeys
FN:173,getOwnPropertyDescriptor
FN:178,getPrototypeOf
FN:183,deleteProperty
FN:200,update
FN:224,deepDiff
FN:227,isPlain
FN:231,visit
FN:255,<instance_members_initializer>
FN:265,ConfigRuntime
FN:278,get snapshot
FN:282,get rawSnapshot
FN:291,load
FN:305,reload
FN:327,diff
FN:334,subscribe
FN:356,mergeLayerConfig
FN:373,mergeActivationConfig
FN:403,mergeModuleConfig
FNF:28
FNH:21
FNDA:25,createConfigProxy
FNDA:6,enterConfig
FNDA:6,exitConfig
FNDA:80,makePathKey
FNDA:403,getNode
FNDA:80,createPathProxy
FNDA:210,get
FNDA:0,set
FNDA:47,has
FNDA:12,ownKeys
FNDA:79,getOwnPropertyDescriptor
FNDA:55,getPrototypeOf
FNDA:0,deleteProperty
FNDA:16,update
FNDA:7,deepDiff
FNDA:38,isPlain
FNDA:26,visit
FNDA:11,<instance_members_initializer>
FNDA:11,ConfigRuntime
FNDA:0,get snapshot
FNDA:0,get rawSnapshot
FNDA:11,load
FNDA:0,reload
FNDA:0,diff
FNDA:0,subscribe
FNDA:82,mergeLayerConfig
FNDA:55,mergeActivationConfig
FNDA:63,mergeModuleConfig
DA:1,1
DA:2,1
DA:3,1
DA:4,1
DA:5,1
DA:6,1
DA:7,1
DA:8,1
DA:9,1
DA:10,1
DA:11,1
DA:12,1
DA:13,1
DA:14,1
DA:15,1
DA:16,1
DA:17,1
DA:18,1
DA:19,1
DA:20,1
DA:21,1
DA:22,1
DA:23,1
DA:24,1
DA:25,1
DA:26,1
DA:27,1
DA:28,1
DA:29,1
DA:30,1
DA:31,1
DA:32,1
DA:33,1
DA:34,1
DA:35,1
DA:36,1
DA:37,1
DA:38,1
DA:39,1
DA:40,1
DA:41,1
DA:42,1
DA:43,1
DA:44,1
DA:45,25
DA:46,25
DA:47,25
DA:48,25
DA:49,25
DA:50,25
DA:51,25
DA:52,25
DA:53,25
DA:54,25
DA:55,25
DA:56,25
DA:57,25
DA:58,25
DA:59,25
DA:60,25
DA:61,25
DA:62,25
DA:63,25
DA:64,25
DA:65,25
DA:66,25
DA:67,25
DA:68,25
DA:69,25
DA:70,25
DA:71,25
DA:72,25
DA:73,25
DA:74,25
DA:75,25
DA:76,25
DA:77,25
DA:78,25
DA:79,25
DA:80,25
DA:81,25
DA:82,25
DA:83,25
DA:84,25
DA:85,6
DA:86,6
DA:87,6
DA:88,6
DA:89,25
DA:90,25
DA:91,25
DA:92,25
DA:93,25
DA:94,25
DA:95,25
DA:96,25
DA:97,6
DA:98,6
DA:99,6
DA:100,6
DA:101,6
DA:102,25
DA:103,25
DA:104,80
DA:105,80
DA:106,80
DA:107,55
DA:108,0
DA:109,0
DA:110,0
DA:111,0
DA:112,0
DA:113,80
DA:114,80
DA:115,25
DA:116,25
DA:117,403
DA:118,403
DA:119,145
DA:120,145
DA:121,145
DA:122,403
DA:123,403
DA:124,25
DA:125,25
DA:126,80
DA:127,80
DA:128,55
DA:129,55
DA:130,55
DA:131,53
DA:132,53
DA:133,53
DA:134,210
DA:135,210
DA:136,210
DA:137,155
DA:138,155
DA:139,5
DA:140,4
DA:141,4
DA:142,155
DA:143,4
DA:144,4
DA:145,4
DA:146,4
DA:147,4
DA:148,4
DA:149,4
DA:150,4
DA:151,4
DA:152,2
DA:153,2
DA:154,153
DA:155,153
DA:156,55
DA:157,55
DA:158,53
DA:159,0
DA:160,0
DA:161,0
DA:162,0
DA:163,53
DA:164,47
DA:165,47
DA:166,47
DA:167,47
DA:168,53
DA:169,12
DA:170,12
DA:171,12
DA:172,12
DA:173,53
DA:174,79
DA:175,79
DA:176,79
DA:177,79
DA:178,53
DA:179,55
DA:180,55
DA:181,55
DA:182,55
DA:183,53
DA:184,0
DA:185,0
DA:186,0
DA:187,0
DA:188,53
DA:189,53
DA:190,80
DA:191,28
DA:192,28
DA:193,53
DA:194,53
DA:195,53
DA:196,25
DA:197,25
DA:198,25
DA:199,25
DA:200,25
DA:201,16
DA:202,16
DA:203,16
DA:204,16
DA:205,25
DA:206,25
DA:207,25
DA:208,25
DA:209,25
DA:210,25
DA:211,25
DA:212,25
DA:213,1
DA:214,1
DA:215,1
DA:216,1
DA:217,1
DA:218,1
DA:219,1
DA:220,1
DA:221,1
DA:222,1
DA:223,1
DA:224,1
DA:225,7
DA:226,7
DA:227,7
DA:228,38
DA:229,38
DA:230,7
DA:231,7
DA:232,26
DA:233,12
DA:234,12
DA:235,19
DA:236,19
DA:237,26
DA:238,14
DA:239,14
DA:240,14
DA:241,7
DA:242,7
DA:243,14
DA:244,26
DA:245,7
DA:246,7
DA:247,7
DA:248,7
DA:249,1
DA:250,1
DA:251,1
DA:252,1
DA:253,1
DA:254,1
DA:255,1
DA:256,11
DA:257,11
DA:258,11
DA:259,11
DA:260,11
DA:261,11
DA:262,11
DA:263,11
DA:264,1
DA:265,1
DA:266,11
DA:267,11
DA:268,11
DA:269,11
DA:270,11
DA:271,11
DA:272,11
DA:273,1
DA:274,1
DA:275,1
DA:276,1
DA:277,1
DA:278,1
DA:279,0
DA:280,0
DA:281,1
DA:282,1
DA:283,0
DA:284,0
DA:285,1
DA:286,1
DA:287,1
DA:288,1
DA:289,1
DA:290,1
DA:291,1
DA:292,11
DA:293,11
DA:294,11
DA:295,11
DA:296,11
DA:297,1
DA:298,1
DA:299,1
DA:300,1
DA:301,1
DA:302,1
DA:303,1
DA:304,1
DA:305,1
DA:306,0
DA:307,0
DA:308,0
DA:309,0
DA:310,0
DA:311,0
DA:312,0
DA:313,0
DA:314,0
DA:315,0
DA:316,0
DA:317,0
DA:318,0
DA:319,0
DA:320,0
DA:321,0
DA:322,0
DA:323,0
DA:324,0
DA:325,0
DA:326,1
DA:327,1
DA:328,0
DA:329,0
DA:330,1
DA:331,1
DA:332,1
DA:333,1
DA:334,1
DA:335,0
DA:336,0
DA:337,0
DA:338,1
DA:339,1
DA:340,1
DA:341,1
DA:342,1
DA:343,1
DA:344,1
DA:345,1
DA:346,1
DA:347,1
DA:348,1
DA:349,1
DA:350,1
DA:351,1
DA:352,1
DA:353,1
DA:354,1
DA:355,1
DA:356,1
DA:357,82
DA:358,82
DA:359,82
DA:360,82
DA:361,82
DA:362,1
DA:363,1
DA:364,1
DA:365,1
DA:366,1
DA:367,1
DA:368,1
DA:369,1
DA:370,1
DA:371,1
DA:372,1
DA:373,1
DA:374,55
DA:375,55
DA:376,55
DA:377,55
DA:378,55
DA:379,55
DA:380,55
DA:381,179
DA:382,179
DA:383,179
DA:384,862
DA:385,862
DA:386,862
DA:387,862
DA:388,179
DA:389,179
DA:390,55
DA:391,55
DA:392,55
DA:393,1
DA:394,1
DA:395,1
DA:396,1
DA:397,1
DA:398,1
DA:399,1
DA:400,1
DA:401,1
DA:402,1
DA:403,1
DA:404,63
DA:405,63
DA:406,1
LF:406
LH:364
BRDA:44,0,0,25
BRDA:84,1,0,6
BRDA:96,2,0,6
BRDA:103,3,0,80
BRDA:106,4,0,55
BRDA:107,5,0,0
BRDA:116,6,0,403
BRDA:118,7,0,145
BRDA:119,8,0,0
BRDA:125,9,0,80
BRDA:127,10,0,55
BRDA:129,11,0,27
BRDA:130,12,0,53
BRDA:190,13,0,28
BRDA:192,14,0,53
BRDA:133,15,0,210
BRDA:135,16,0,0
BRDA:136,17,0,131
BRDA:136,18,0,131
BRDA:136,19,0,155
BRDA:138,20,0,5
BRDA:139,21,0,4
BRDA:140,22,0,4
BRDA:142,23,0,4
BRDA:151,24,0,2
BRDA:153,25,0,153
BRDA:155,26,0,55
BRDA:163,27,0,47
BRDA:165,28,0,0
BRDA:168,29,0,12
BRDA:170,30,0,0
BRDA:173,31,0,79
BRDA:175,32,0,0
BRDA:178,33,0,55
BRDA:180,34,0,0
BRDA:200,35,0,16
BRDA:224,36,0,7
BRDA:227,37,0,38
BRDA:228,38,0,25
BRDA:231,39,0,26
BRDA:232,40,0,12
BRDA:232,41,0,12
BRDA:234,42,0,19
BRDA:235,43,0,9
BRDA:235,44,0,10
BRDA:237,45,0,14
BRDA:240,46,0,7
BRDA:255,47,0,11
BRDA:265,48,0,11
BRDA:291,49,0,11
BRDA:356,50,0,82
BRDA:373,51,0,55
BRDA:380,52,0,179
BRDA:383,53,0,862
BRDA:384,54,0,325
BRDA:385,55,0,126
BRDA:403,56,0,63
BRF:57
BRH:50
end_of_record
TN:
SF:core/blong-gogo/src/ErrorFactory.ts
FN:11,<instance_members_initializer>
FN:17,ErrorFactory
FN:22,createLog
FN:29,register
FN:35,get
FN:39,fetch
FN:43,define
FNF:7
FNH:5
FNDA:11,<instance_members_initializer>
FNDA:11,ErrorFactory
FNDA:11,createLog
FNDA:55,register
FNDA:292,get
FNDA:0,fetch
FNDA:0,define
DA:1,1
DA:2,1
DA:3,1
DA:4,1
DA:5,1
DA:6,1
DA:7,1
DA:8,1
DA:9,1
DA:10,1
DA:11,1
DA:12,11
DA:13,11
DA:14,11
DA:15,11
DA:16,1
DA:17,1
DA:18,11
DA:19,11
DA:20,11
DA:21,11
DA:22,11
DA:23,11
DA:24,11
DA:25,11
DA:26,11
DA:27,11
DA:28,1
DA:29,1
DA:30,55
DA:31,55
DA:32,55
DA:33,55
DA:34,1
DA:35,1
DA:36,292
DA:37,292
DA:38,1
DA:39,1
DA:40,0
DA:41,0
DA:42,1
DA:43,1
DA:44,0
DA:45,0
DA:46,0
DA:47,0
DA:48,0
DA:49,0
DA:50,1
LF:50
LH:42
BRDA:11,0,0,11
BRDA:17,1,0,11
BRDA:22,2,0,11
BRDA:22,3,0,0
BRDA:29,4,0,55
BRDA:35,5,0,292
BRF:6
BRH:5
end_of_record
TN:
SF:core/blong-gogo/src/Gateway.ts
FN:78,operationParams
FN:143,<instance_members_initializer>
FN:174,Gateway
FN:215,config
FN:219,registerPlugin
FN:223,_forward
FN:243,_meta
FN:284,_applyMeta
FN:318,route
FN:409,handler
FN:452,notfound
FN:530,start
FN:555,verify
FN:569,handler
FN:590,stop
FN:596,restart
FN:601,_formatError
FNF:17
FNH:13
FNDA:2,operationParams
FNDA:10,<instance_members_initializer>
FNDA:10,Gateway
FNDA:1,config
FNDA:0,registerPlugin
FNDA:16,_forward
FNDA:16,_meta
FNDA:16,_applyMeta
FNDA:10,route
FNDA:16,handler
FNDA:0,notfound
FNDA:10,start
FNDA:2,verify
FNDA:0,handler
FNDA:10,stop
FNDA:0,restart
FNDA:4,_formatError
DA:1,1
DA:2,1
DA:3,1
DA:4,1
DA:5,1
DA:6,1
DA:7,1
DA:8,1
DA:9,1
DA:10,1
DA:11,1
DA:12,1
DA:13,1
DA:14,1
DA:15,1
DA:16,1
DA:17,1
DA:18,1
DA:19,1
DA:20,1
DA:21,1
DA:22,1
DA:23,1
DA:24,1
DA:25,1
DA:26,1
DA:27,1
DA:28,1
DA:29,1
DA:30,1
DA:31,1
DA:32,1
DA:33,1
DA:34,1
DA:35,1
DA:36,1
DA:37,1
DA:38,1
DA:39,1
DA:40,1
DA:41,1
DA:42,1
DA:43,1
DA:44,1
DA:45,1
DA:46,1
DA:47,1
DA:48,1
DA:49,1
DA:50,1
DA:51,1
DA:52,1
DA:53,1
DA:54,1
DA:55,1
DA:56,1
DA:57,1
DA:58,1
DA:59,1
DA:60,1
DA:61,1
DA:62,1
DA:63,1
DA:64,1
DA:65,1
DA:66,1
DA:67,1
DA:68,1
DA:69,1
DA:70,1
DA:71,1
DA:72,1
DA:73,1
DA:74,1
DA:75,1
DA:76,1
DA:77,1
DA:78,2
DA:79,2
DA:80,2
DA:81,2
DA:82,2
DA:83,2
DA:84,2
DA:85,2
DA:86,0
DA:87,0
DA:88,0
DA:89,0
DA:90,0
DA:91,0
DA:92,0
DA:93,0
DA:94,0
DA:95,0
DA:96,0
DA:97,0
DA:98,0
DA:99,0
DA:100,0
DA:101,0
DA:102,0
DA:103,0
DA:104,0
DA:105,0
DA:106,0
DA:107,0
DA:108,0
DA:109,0
DA:110,0
DA:111,0
DA:112,0
DA:113,0
DA:114,0
DA:115,0
DA:116,0
DA:117,0
DA:118,0
DA:119,0
DA:120,0
DA:121,0
DA:122,2
DA:123,2
DA:124,2
DA:125,2
DA:126,0
DA:127,0
DA:128,0
DA:129,0
DA:130,2
DA:131,0
DA:132,0
DA:133,0
DA:134,0
DA:135,0
DA:136,0
DA:137,0
DA:138,0
DA:139,2
DA:140,2
DA:141,1
DA:142,1
DA:143,1
DA:144,10
DA:145,10
DA:146,10
DA:147,10
DA:148,10
DA:149,10
DA:150,10
DA:151,10
DA:152,10
DA:153,10
DA:154,10
DA:155,10
DA:156,10
DA:157,10
DA:158,10
DA:159,10
DA:160,10
DA:161,10
DA:162,10
DA:163,10
DA:164,10
DA:165,10
DA:166,10
DA:167,10
DA:168,10
DA:169,10
DA:170,10
DA:171,10
DA:172,1
DA:173,1
DA:174,1
DA:175,10
DA:176,10
DA:177,10
DA:178,10
DA:179,10
DA:180,10
DA:181,10
DA:182,10
DA:183,10
DA:184,10
DA:185,10
DA:186,10
DA:187,10
DA:188,10
DA:189,10
DA:190,10
DA:191,10
DA:192,10
DA:193,10
DA:194,10
DA:195,10
DA:196,10
DA:197,10
DA:198,10
DA:199,10
DA:200,10
DA:201,10
DA:202,10
DA:203,10
DA:204,1
DA:205,1
DA:206,10
DA:207,10
DA:208,10
DA:209,10
DA:210,10
DA:211,10
DA:212,10
DA:213,10
DA:214,1
DA:215,1
DA:216,1
DA:217,1
DA:218,1
DA:219,1
DA:220,0
DA:221,0
DA:222,1
DA:223,1
DA:224,16
DA:225,16
DA:226,16
DA:227,16
DA:228,16
DA:229,16
DA:230,16
DA:231,16
DA:232,16
DA:233,16
DA:234,16
DA:235,16
DA:236,128
DA:237,128
DA:238,128
DA:239,128
DA:240,16
DA:241,16
DA:242,1
DA:243,1
DA:244,16
DA:245,16
DA:246,16
DA:247,16
DA:248,16
DA:249,16
DA:250,16
DA:251,16
DA:252,16
DA:253,16
DA:254,0
DA:255,16
DA:256,16
DA:257,16
DA:258,16
DA:259,16
DA:260,16
DA:261,16
DA:262,16
DA:263,16
DA:264,16
DA:265,16
DA:266,16
DA:267,16
DA:268,16
DA:269,16
DA:270,16
DA:271,16
DA:272,16
DA:273,16
DA:274,16
DA:275,16
DA:276,16
DA:277,16
DA:278,16
DA:279,16
DA:280,16
DA:281,16
DA:282,16
DA:283,1
DA:284,1
DA:285,16
DA:286,2
DA:287,2
DA:288,2
DA:289,2
DA:290,2
DA:291,2
DA:292,2
DA:293,2
DA:294,2
DA:295,2
DA:296,2
DA:297,2
DA:298,2
DA:299,2
DA:300,2
DA:301,2
DA:302,24
DA:303,2
DA:304,2
DA:305,2
DA:306,2
DA:307,4
DA:308,2
DA:309,2
DA:310,0
DA:311,0
DA:312,2
DA:313,24
DA:314,2
DA:315,16
DA:316,16
DA:317,1
DA:318,1
DA:319,10
DA:320,10
DA:321,10
DA:322,10
DA:323,10
DA:324,10
DA:325,10
DA:326,10
DA:327,10
DA:328,10
DA:329,10
DA:330,10
DA:331,10
DA:332,10
DA:333,10
DA:334,10
DA:335,2
DA:336,10
DA:337,10
DA:338,10
DA:339,10
DA:340,10
DA:341,10
DA:342,0
DA:343,10
DA:344,8
DA:345,8
DA:346,8
DA:347,8
DA:348,8
DA:349,8
DA:350,8
DA:351,8
DA:352,10
DA:353,10
DA:354,0
DA:355,10
DA:356,8
DA:357,8
DA:358,8
DA:359,8
DA:360,6
DA:361,6
DA:362,6
DA:363,6
DA:364,6
DA:365,6
DA:366,2
DA:367,2
DA:368,2
DA:369,2
DA:370,2
DA:371,2
DA:372,2
DA:373,2
DA:374,2
DA:375,2
DA:376,2
DA:377,2
DA:378,2
DA:379,2
DA:380,2
DA:381,2
DA:382,2
DA:383,2
DA:384,2
DA:385,2
DA:386,2
DA:387,2
DA:388,2
DA:389,2
DA:390,8
DA:391,10
DA:392,10
DA:393,10
DA:394,4
DA:395,6
DA:396,6
DA:397,6
DA:398,10
DA:399,10
DA:400,10
DA:401,10
DA:402,10
DA:403,10
DA:404,10
DA:405,10
DA:406,10
DA:407,10
DA:408,10
DA:409,10
DA:410,16
DA:411,16
DA:412,16
DA:413,2
DA:414,2
DA:415,2
DA:416,2
DA:417,2
DA:418,2
DA:419,2
DA:420,2
DA:421,2
DA:422,2
DA:423,2
DA:424,2
DA:425,2
DA:426,2
DA:427,2
DA:428,16
DA:429,16
DA:430,16
DA:431,16
DA:432,16
DA:433,4
DA:434,12
DA:435,16
DA:436,0
DA:437,0
DA:438,0
DA:439,0
DA:440,16
DA:441,16
DA:442,16
DA:443,16
DA:444,16
DA:445,16
DA:446,16
DA:447,0
DA:448,16
DA:449,16
DA:450,16
DA:451,16
DA:452,16
DA:453,0
DA:454,0
DA:455,0
DA:456,0
DA:457,16
DA:458,0
DA:459,0
DA:460,0
DA:461,0
DA:462,0
DA:463,16
DA:464,16
DA:465,2
DA:466,2
DA:467,2
DA:468,2
DA:469,2
DA:470,16
DA:471,0
DA:472,0
DA:473,0
DA:474,0
DA:475,0
DA:476,0
DA:477,0
DA:478,14
DA:479,14
DA:480,14
DA:481,14
DA:482,14
DA:483,14
DA:484,14
DA:485,14
DA:486,14
DA:487,14
DA:488,14
DA:489,0
DA:490,0
DA:491,14
DA:492,14
DA:493,14
DA:494,16
DA:495,4
DA:496,4
DA:497,4
DA:498,4
DA:499,4
DA:500,4
DA:501,4
DA:502,4
DA:503,4
DA:504,4
DA:505,4
DA:506,4
DA:507,4
DA:508,0
DA:509,0
DA:510,0
DA:511,0
DA:512,0
DA:513,4
DA:514,4
DA:515,4
DA:516,4
DA:517,4
DA:518,4
DA:519,4
DA:520,4
DA:521,4
DA:522,4
DA:523,4
DA:524,4
DA:525,16
DA:526,10
DA:527,10
DA:528,10
DA:529,1
DA:530,1
DA:531,10
DA:532,10
DA:533,10
DA:534,10
DA:535,10
DA:536,10
DA:537,10
DA:538,10
DA:539,10
DA:540,10
DA:541,10
DA:542,10
DA:543,10
DA:544,10
DA:545,0
DA:546,0
DA:547,0
DA:548,0
DA:549,0
DA:550,0
DA:551,0
DA:552,10
DA:553,10
DA:554,10
DA:555,10
DA:556,2
DA:557,10
DA:558,10
DA:559,10
DA:560,10
DA:561,10
DA:562,10
DA:563,1
DA:564,10
DA:565,9
DA:566,9
DA:567,9
DA:568,9
DA:569,9
DA:570,0
DA:571,0
DA:572,9
DA:573,9
DA:574,10
DA:575,10
DA:576,10
DA:577,10
DA:578,10
DA:579,10
DA:580,10
DA:581,10
DA:582,10
DA:583,10
DA:584,10
DA:585,10
DA:586,10
DA:587,10
DA:588,10
DA:589,1
DA:590,1
DA:591,10
DA:592,10
DA:593,10
DA:594,10
DA:595,1
DA:596,1
DA:597,0
DA:598,0
DA:599,0
DA:600,1
DA:601,1
DA:602,4
DA:603,4
DA:604,28
DA:605,12
DA:606,12
DA:607,12
DA:608,12
DA:609,12
DA:610,0
DA:611,0
DA:612,12
DA:613,0
DA:614,12
DA:615,12
DA:616,28
DA:617,28
DA:618,4
DA:619,4
DA:620,4
DA:621,1
LF:621
LH:523
BRDA:78,0,0,2
BRDA:84,1,0,0
BRDA:125,2,0,0
BRDA:126,3,0,0
BRDA:127,4,0,0
BRDA:130,5,0,0
BRDA:143,6,0,10
BRDA:174,7,0,10
BRDA:203,8,0,1
BRDA:215,9,0,1
BRDA:223,10,0,16
BRDA:227,11,0,16
BRDA:235,12,0,128
BRDA:237,13,0,0
BRDA:238,14,0,16
BRDA:243,15,0,16
BRDA:250,16,0,0
BRDA:251,17,0,0
BRDA:253,18,0,0
BRDA:256,19,0,14
BRDA:256,20,0,2
BRDA:265,21,0,14
BRDA:265,22,0,14
BRDA:269,23,0,0
BRDA:284,24,0,16
BRDA:285,25,0,2
BRDA:301,26,0,24
BRDA:302,27,0,2
BRDA:309,28,0,0
BRDA:306,29,0,4
BRDA:318,30,0,10
BRDA:323,31,0,10
BRDA:332,32,0,2
BRDA:332,33,0,8
BRDA:334,34,0,2
BRDA:336,35,0,8
BRDA:338,36,0,5
BRDA:341,37,0,0
BRDA:343,38,0,8
BRDA:348,39,0,0
BRDA:351,40,0,2
BRDA:353,41,0,0
BRDA:354,42,0,0
BRDA:355,43,0,8
BRDA:358,44,0,0
BRDA:359,45,0,5
BRDA:359,46,0,6
BRDA:365,47,0,2
BRDA:390,48,0,2
BRDA:393,49,0,4
BRDA:394,50,0,6
BRDA:409,51,0,16
BRDA:411,52,0,14
BRDA:412,53,0,2
BRDA:422,54,0,0
BRDA:432,55,0,4
BRDA:433,56,0,12
BRDA:435,57,0,0
BRDA:443,58,0,0
BRDA:446,59,0,0
BRDA:449,60,0,4
BRDA:457,61,0,0
BRDA:457,62,0,0
BRDA:464,63,0,2
BRDA:466,64,0,0
BRDA:467,65,0,0
BRDA:470,66,0,14
BRDA:470,67,0,0
BRDA:480,68,0,0
BRDA:481,69,0,10
BRDA:481,70,0,0
BRDA:487,71,0,10
BRDA:487,72,0,0
BRDA:488,73,0,0
BRDA:494,74,0,4
BRDA:507,75,0,0
BRDA:530,76,0,10
BRDA:561,77,0,0
BRDA:562,78,0,9
BRDA:562,79,0,1
BRDA:564,80,0,9
BRDA:578,81,0,0
BRDA:581,82,0,0
BRDA:555,83,0,2
BRDA:579,84,0,10
BRDA:590,85,0,10
BRDA:601,86,0,4
BRDA:603,87,0,28
BRDA:604,88,0,12
BRDA:609,89,0,0
BRDA:612,90,0,0
BRF:91
BRH:56
end_of_record
TN:
SF:core/blong-gogo/src/GatewayClient.ts
FN:1,(empty-report)
FNF:1
FNH:0
FNDA:0,(empty-report)
DA:1,0
DA:2,0
DA:3,0
DA:4,0
DA:5,0
DA:6,0
DA:7,0
DA:8,0
DA:9,0
DA:10,0
DA:11,0
DA:12,0
DA:13,0
DA:14,0
DA:15,0
DA:16,0
DA:17,0
DA:18,0
DA:19,0
DA:20,0
DA:21,0
DA:22,0
DA:23,0
DA:24,0
DA:25,0
DA:26,0
DA:27,0
DA:28,0
DA:29,0
DA:30,0
DA:31,0
DA:32,0
DA:33,0
DA:34,0
DA:35,0
DA:36,0
DA:37,0
DA:38,0
DA:39,0
DA:40,0
DA:41,0
DA:42,0
DA:43,0
DA:44,0
DA:45,0
DA:46,0
DA:47,0
DA:48,0
DA:49,0
DA:50,0
DA:51,0
DA:52,0
DA:53,0
DA:54,0
DA:55,0
DA:56,0
DA:57,0
DA:58,0
DA:59,0
DA:60,0
DA:61,0
DA:62,0
DA:63,0
DA:64,0
DA:65,0
DA:66,0
DA:67,0
DA:68,0
DA:69,0
DA:70,0
DA:71,0
DA:72,0
DA:73,0
DA:74,0
DA:75,0
DA:76,0
DA:77,0
DA:78,0
DA:79,0
DA:80,0
DA:81,0
DA:82,0
DA:83,0
DA:84,0
DA:85,0
DA:86,0
DA:87,0
DA:88,0
DA:89,0
DA:90,0
DA:91,0
DA:92,0
DA:93,0
DA:94,0
DA:95,0
DA:96,0
DA:97,0
DA:98,0
DA:99,0
DA:100,0
DA:101,0
DA:102,0
DA:103,0
DA:104,0
DA:105,0
DA:106,0
DA:107,0
DA:108,0
DA:109,0
DA:110,0
DA:111,0
DA:112,0
DA:113,0
DA:114,0
DA:115,0
DA:116,0
DA:117,0
DA:118,0
DA:119,0
DA:120,0
DA:121,0
DA:122,0
DA:123,0
DA:124,0
DA:125,0
DA:126,0
DA:127,0
DA:128,0
DA:129,0
DA:130,0
DA:131,0
DA:132,0
DA:133,0
DA:134,0
DA:135,0
DA:136,0
DA:137,0
DA:138,0
DA:139,0
DA:140,0
DA:141,0
DA:142,0
DA:143,0
DA:144,0
DA:145,0
DA:146,0
DA:147,0
DA:148,0
DA:149,0
LF:149
LH:0
BRDA:1,0,0,0
BRF:1
BRH:0
end_of_record
TN:
SF:core/blong-gogo/src/GatewayCodec.ts
FN:53,<instance_members_initializer>
FN:62,GatewayCodecImpl
FN:76,session
FN:123,request
FN:163,serverInfo
FN:173,gateway
FN:189,codec
FN:214,_discoverService
FNF:8
FNH:4
FNDA:10,<instance_members_initializer>
FNDA:10,GatewayCodecImpl
FNDA:0,session
FNDA:0,request
FNDA:0,serverInfo
FNDA:91,gateway
FNDA:0,codec
FNDA:1,_discoverService
DA:1,1
DA:2,1
DA:3,1
DA:4,1
DA:5,1
DA:6,1
DA:7,1
DA:8,1
DA:9,1
DA:10,1
DA:11,1
DA:12,1
DA:13,1
DA:14,1
DA:15,1
DA:16,1
DA:17,1
DA:18,1
DA:19,1
DA:20,1
DA:21,1
DA:22,1
DA:23,1
DA:24,1
DA:25,1
DA:26,1
DA:27,1
DA:28,1
DA:29,1
DA:30,1
DA:31,1
DA:32,1
DA:33,1
DA:34,1
DA:35,1
DA:36,1
DA:37,1
DA:38,1
DA:39,1
DA:40,1
DA:41,1
DA:42,1
DA:43,1
DA:44,1
DA:45,1
DA:46,1
DA:47,1
DA:48,1
DA:49,1
DA:50,1
DA:51,1
DA:52,1
DA:53,1
DA:54,10
DA:55,10
DA:56,10
DA:57,10
DA:58,10
DA:59,10
DA:60,10
DA:61,1
DA:62,1
DA:63,10
DA:64,10
DA:65,10
DA:66,10
DA:67,10
DA:68,10
DA:69,10
DA:70,10
DA:71,10
DA:72,10
DA:73,10
DA:74,10
DA:75,10
DA:76,10
DA:77,0
DA:78,0
DA:79,0
DA:80,0
DA:81,0
DA:82,0
DA:83,0
DA:84,0
DA:85,0
DA:86,0
DA:87,0
DA:88,0
DA:89,0
DA:90,0
DA:91,0
DA:92,0
DA:93,0
DA:94,0
DA:95,0
DA:96,0
DA:97,0
DA:98,0
DA:99,0
DA:100,0
DA:101,0
DA:102,0
DA:103,0
DA:104,0
DA:105,0
DA:106,0
DA:107,0
DA:108,0
DA:109,0
DA:110,0
DA:111,0
DA:112,0
DA:113,0
DA:114,0
DA:115,0
DA:116,0
DA:117,0
DA:118,0
DA:119,0
DA:120,0
DA:121,10
DA:122,10
DA:123,10
DA:124,0
DA:125,0
DA:126,0
DA:127,0
DA:128,0
DA:129,0
DA:130,0
DA:131,0
DA:132,0
DA:133,0
DA:134,0
DA:135,0
DA:136,0
DA:137,0
DA:138,0
DA:139,0
DA:140,0
DA:141,0
DA:142,0
DA:143,0
DA:144,0
DA:145,0
DA:146,0
DA:147,0
DA:148,0
DA:149,10
DA:150,10
DA:151,10
DA:152,10
DA:153,10
DA:154,10
DA:155,10
DA:156,10
DA:157,10
DA:158,10
DA:159,10
DA:160,10
DA:161,10
DA:162,10
DA:163,10
DA:164,10
DA:165,10
DA:166,10
DA:167,10
DA:168,10
DA:169,10
DA:170,10
DA:171,10
DA:172,1
DA:173,1
DA:174,91
DA:175,0
DA:176,0
DA:177,0
DA:178,0
DA:179,0
DA:180,0
DA:181,0
DA:182,0
DA:183,0
DA:184,0
DA:185,91
DA:186,91
DA:187,91
DA:188,1
DA:189,1
DA:190,0
DA:191,0
DA:192,0
DA:193,0
DA:194,0
DA:195,0
DA:196,0
DA:197,0
DA:198,0
DA:199,0
DA:200,0
DA:201,0
DA:202,0
DA:203,0
DA:204,0
DA:205,0
DA:206,0
DA:207,0
DA:208,0
DA:209,0
DA:210,0
DA:211,0
DA:212,0
DA:213,1
DA:214,1
DA:215,1
DA:216,1
DA:217,1
DA:218,1
DA:219,1
DA:220,1
DA:221,1
DA:222,1
DA:223,1
DA:224,1
DA:225,1
DA:226,1
DA:227,1
DA:228,1
DA:229,1
DA:230,1
DA:231,1
DA:232,1
DA:233,1
DA:234,1
DA:235,1
LF:235
LH:133
BRDA:53,0,0,10
BRDA:62,1,0,10
BRDA:159,2,0,10
BRDA:173,3,0,91
BRDA:174,4,0,0
BRDA:174,5,0,0
BRDA:186,6,0,0
BRDA:214,7,0,1
BRF:8
BRH:5
end_of_record
TN:
SF:core/blong-gogo/src/Local.ts
FN:4,<instance_members_initializer>
FN:6,_localRegister
FN:19,register
FN:50,_localUnregister
FN:54,unregister
FN:58,get
FNF:6
FNH:4
FNDA:11,<instance_members_initializer>
FNDA:283,_localRegister
FNDA:220,register
FNDA:0,_localUnregister
FNDA:0,unregister
FNDA:512,get
DA:1,1
DA:2,1
DA:3,1
DA:4,1
DA:5,1
DA:6,1
DA:7,283
DA:8,283
DA:9,283
DA:10,283
DA:11,283
DA:12,283
DA:13,28
DA:14,283
DA:15,255
DA:16,255
DA:17,283
DA:18,1
DA:19,1
DA:20,220
DA:21,220
DA:22,220
DA:23,220
DA:24,220
DA:25,220
DA:26,220
DA:27,220
DA:28,0
DA:29,0
DA:30,0
DA:31,0
DA:32,0
DA:33,0
DA:34,0
DA:35,0
DA:36,0
DA:37,220
DA:38,220
DA:39,283
DA:40,283
DA:41,283
DA:42,283
DA:43,283
DA:44,283
DA:45,283
DA:46,283
DA:47,220
DA:48,220
DA:49,1
DA:50,1
DA:51,0
DA:52,0
DA:53,1
DA:54,1
DA:55,0
DA:56,0
DA:57,1
DA:58,1
DA:59,512
DA:60,512
DA:61,512
DA:62,1
LF:62
LH:49
BRDA:4,0,0,11
BRDA:6,1,0,283
BRDA:12,2,0,28
BRDA:14,3,0,255
BRDA:19,4,0,220
BRDA:27,5,0,0
BRDA:38,6,0,283
BRDA:58,7,0,512
BRF:8
BRH:7
end_of_record
TN:
SF:core/blong-gogo/src/Log.ts
FN:60,<instance_members_initializer>
FN:66,Log
FN:73,Log.#config.mixin
FN:93,child
FN:97,logger
FNF:5
FNH:4
FNDA:11,<instance_members_initializer>
FNDA:11,Log
FNDA:0,Log.#config.mixin
FNDA:20,child
FNDA:245,logger
DA:1,1
DA:2,1
DA:3,1
DA:4,1
DA:5,1
DA:6,1
DA:7,1
DA:8,1
DA:9,1
DA:10,1
DA:11,1
DA:12,1
DA:13,1
DA:14,1
DA:15,1
DA:16,1
DA:17,1
DA:18,1
DA:19,1
DA:20,1
DA:21,1
DA:22,1
DA:23,1
DA:24,1
DA:25,1
DA:26,1
DA:27,1
DA:28,1
DA:29,1
DA:30,1
DA:31,1
DA:32,1
DA:33,1
DA:34,1
DA:35,1
DA:36,1
DA:37,1
DA:38,1
DA:39,1
DA:40,1
DA:41,1
DA:42,1
DA:43,1
DA:44,1
DA:45,1
DA:46,1
DA:47,1
DA:48,1
DA:49,1
DA:50,1
DA:51,1
DA:52,1
DA:53,1
DA:54,1
DA:55,1
DA:56,1
DA:57,1
DA:58,1
DA:59,1
DA:60,1
DA:61,11
DA:62,11
DA:63,11
DA:64,11
DA:65,1
DA:66,1
DA:67,11
DA:68,11
DA:69,11
DA:70,11
DA:71,11
DA:72,11
DA:73,0
DA:74,0
DA:75,0
DA:76,0
DA:77,0
DA:78,0
DA:79,0
DA:80,0
DA:81,0
DA:82,0
DA:83,0
DA:84,0
DA:85,0
DA:86,0
DA:87,11
DA:88,11
DA:89,11
DA:90,11
DA:91,11
DA:92,1
DA:93,1
DA:94,20
DA:95,20
DA:96,1
DA:97,1
DA:98,245
DA:99,245
DA:100,245
DA:101,245
DA:102,245
DA:103,245
DA:104,245
DA:105,245
DA:106,245
DA:107,245
DA:108,245
DA:109,245
DA:110,245
DA:111,245
DA:112,10
DA:113,245
DA:114,58
DA:115,245
DA:116,119
DA:117,245
DA:118,244
DA:119,245
DA:120,244
DA:121,245
DA:122,245
DA:123,245
DA:124,245
DA:125,245
DA:126,1
LF:126
LH:112
BRDA:33,0,0,40
BRDA:33,1,0,320
BRDA:60,2,0,11
BRDA:66,3,0,11
BRDA:72,4,0,0
BRDA:93,5,0,20
BRDA:97,6,0,245
BRDA:111,7,0,10
BRDA:113,8,0,58
BRDA:115,9,0,119
BRDA:117,10,0,244
BRDA:119,11,0,244
BRF:12
BRH:11
end_of_record
TN:
SF:core/blong-gogo/src/Port.ts
FN:4,UtPort
FN:6,findHandler
FN:16,Port
FN:20,Port.result.findHandler
FNF:4
FNH:2
FNDA:11,UtPort
FNDA:0,findHandler
FNDA:11,Port
FNDA:0,Port.result.findHandler
DA:1,1
DA:2,1
DA:3,1
DA:4,1
DA:5,11
DA:6,11
DA:7,0
DA:8,0
DA:9,11
DA:10,1
DA:11,1
DA:12,1
DA:13,1
DA:14,1
DA:15,1
DA:16,1
DA:17,11
DA:18,11
DA:19,11
DA:20,11
DA:21,0
DA:22,0
DA:23,11
DA:24,11
DA:25,1
LF:25
LH:21
BRDA:4,0,0,11
BRDA:16,1,0,11
BRF:2
BRH:2
end_of_record
TN:
SF:core/blong-gogo/src/Realm.ts
FN:9,<instance_members_initializer>
FN:18,RealmImpl
FN:37,_addModuleInternal
FN:46,addModule
FN:54,addLayer
FNF:5
FNH:5
FNDA:63,<instance_members_initializer>
FNDA:63,RealmImpl
FNDA:52,_addModuleInternal
FNDA:52,addModule
FNDA:292,addLayer
DA:1,1
DA:2,1
DA:3,1
DA:4,1
DA:5,1
DA:6,1
DA:7,1
DA:8,1
DA:9,1
DA:10,63
DA:11,63
DA:12,1
DA:13,1
DA:14,1
DA:15,1
DA:16,1
DA:17,1
DA:18,1
DA:19,63
DA:20,63
DA:21,63
DA:22,63
DA:23,63
DA:24,63
DA:25,63
DA:26,63
DA:27,63
DA:28,63
DA:29,63
DA:30,63
DA:31,63
DA:32,63
DA:33,63
DA:34,63
DA:35,63
DA:36,1
DA:37,1
DA:38,52
DA:39,52
DA:40,52
DA:41,52
DA:42,52
DA:43,52
DA:44,52
DA:45,1
DA:46,1
DA:47,52
DA:48,0
DA:49,0
DA:50,52
DA:51,52
DA:52,52
DA:53,1
DA:54,1
DA:55,292
DA:56,292
DA:57,292
DA:58,578
DA:59,578
DA:60,578
DA:61,578
DA:62,369
DA:63,77
DA:64,77
DA:65,77
DA:66,77
DA:67,578
DA:68,292
DA:69,292
DA:70,292
DA:71,0
DA:72,0
DA:73,10
DA:74,10
DA:75,2
DA:76,2
DA:77,0
DA:78,0
DA:79,292
DA:80,292
DA:81,1
LF:81
LH:75
BRDA:9,0,0,63
BRDA:18,1,0,63
BRDA:31,2,0,62
BRDA:31,3,0,1
BRDA:37,4,0,52
BRDA:46,5,0,52
BRDA:47,6,0,0
BRDA:54,7,0,292
BRDA:70,8,0,282
BRDA:70,9,0,0
BRDA:72,10,0,10
BRDA:74,11,0,8
BRDA:74,12,0,0
BRDA:74,13,0,2
BRDA:76,14,0,0
BRDA:57,15,0,578
BRDA:58,16,0,286
BRDA:61,17,0,209
BRDA:61,18,0,369
BRDA:62,19,0,77
BRDA:64,20,0,0
BRF:21
BRH:16
end_of_record
TN:
SF:core/blong-gogo/src/RealmDiscovery.ts
FN:1,(empty-report)
FNF:1
FNH:0
FNDA:0,(empty-report)
DA:1,0
DA:2,0
DA:3,0
DA:4,0
DA:5,0
DA:6,0
DA:7,0
DA:8,0
DA:9,0
DA:10,0
DA:11,0
DA:12,0
DA:13,0
DA:14,0
DA:15,0
DA:16,0
DA:17,0
DA:18,0
DA:19,0
DA:20,0
DA:21,0
DA:22,0
DA:23,0
DA:24,0
DA:25,0
DA:26,0
DA:27,0
DA:28,0
DA:29,0
DA:30,0
DA:31,0
DA:32,0
DA:33,0
DA:34,0
DA:35,0
DA:36,0
DA:37,0
DA:38,0
DA:39,0
DA:40,0
DA:41,0
DA:42,0
DA:43,0
DA:44,0
DA:45,0
DA:46,0
DA:47,0
DA:48,0
DA:49,0
DA:50,0
DA:51,0
DA:52,0
DA:53,0
DA:54,0
DA:55,0
DA:56,0
DA:57,0
DA:58,0
LF:58
LH:0
BRDA:1,0,0,0
BRF:1
BRH:0
end_of_record
TN:
SF:core/blong-gogo/src/Registry.ts
FN:53,<instance_members_initializer>
FN:84,Registry
FN:128,getPort
FN:132,createPort
FN:142,adapter
FN:155,register
FN:161,unregister
FN:167,subscribe
FN:173,unsubscribe
FN:179,getPath
FN:183,importMethod
FN:184,dispatch
FN:186,createLog
FN:195,_matchMethods
FN:227,_validations
FN:245,_attachHandlers
FN:291,replaceHandlers
FN:312,_createHandlers
FN:317,isSafeKey
FN:329,rename
FN:332,group
FN:353,checkpoint
FN:358,setProperty
FN:384,remote
FN:393,init
FN:399,start
FN:415,connected
FN:425,test
FN:429,stop
FN:439,loadApi
FNF:30
FNH:21
FNDA:11,<instance_members_initializer>
FNDA:11,Registry
FNDA:0,getPort
FNDA:199,createPort
FNDA:44,adapter
FNDA:110,register
FNDA:0,unregister
FNDA:110,subscribe
FNDA:0,unsubscribe
FNDA:347,getPath
FNDA:0,importMethod
FNDA:0,dispatch
FNDA:55,createLog
FNDA:46,_matchMethods
FNDA:10,_validations
FNDA:55,_attachHandlers
FNDA:0,replaceHandlers
FNDA:83,_createHandlers
FNDA:0,isSafeKey
FNDA:0,rename
FNDA:25,group
FNDA:9,checkpoint
FNDA:0,setProperty
FNDA:222,remote
FNDA:11,init
FNDA:11,start
FNDA:11,connected
FNDA:10,test
FNDA:11,stop
FNDA:1,loadApi
DA:1,1
DA:2,1
DA:3,1
DA:4,1
DA:5,1
DA:6,1
DA:7,1
DA:8,1
DA:9,1
DA:10,1
DA:11,1
DA:12,1
DA:13,1
DA:14,1
DA:15,1
DA:16,1
DA:17,1
DA:18,1
DA:19,1
DA:20,1
DA:21,1
DA:22,1
DA:23,1
DA:24,1
DA:25,1
DA:26,1
DA:27,1
DA:28,1
DA:29,1
DA:30,1
DA:31,1
DA:32,1
DA:33,1
DA:34,1
DA:35,1
DA:36,1
DA:37,1
DA:38,1
DA:39,1
DA:40,1
DA:41,1
DA:42,1
DA:43,1
DA:44,1
DA:45,1
DA:46,1
DA:47,1
DA:48,1
DA:49,1
DA:50,1
DA:51,1
DA:52,1
DA:53,1
DA:54,11
DA:55,11
DA:56,11
DA:57,11
DA:58,11
DA:59,11
DA:60,11
DA:61,11
DA:62,11
DA:63,11
DA:64,11
DA:65,11
DA:66,11
DA:67,11
DA:68,11
DA:69,11
DA:70,11
DA:71,11
DA:72,11
DA:73,11
DA:74,11
DA:75,11
DA:76,11
DA:77,11
DA:78,11
DA:79,11
DA:80,11
DA:81,11
DA:82,1
DA:83,1
DA:84,1
DA:85,11
DA:86,11
DA:87,11
DA:88,11
DA:89,11
DA:90,11
DA:91,11
DA:92,11
DA:93,11
DA:94,11
DA:95,11
DA:96,11
DA:97,11
DA:98,11
DA:99,11
DA:100,11
DA:101,11
DA:102,11
DA:103,11
DA:104,11
DA:105,11
DA:106,11
DA:107,11
DA:108,11
DA:109,11
DA:110,11
DA:111,11
DA:112,11
DA:113,11
DA:114,11
DA:115,11
DA:116,11
DA:117,11
DA:118,11
DA:119,11
DA:120,11
DA:121,11
DA:122,11
DA:123,11
DA:124,11
DA:125,11
DA:126,11
DA:127,1
DA:128,1
DA:129,0
DA:130,0
DA:131,1
DA:132,1
DA:133,199
DA:134,199
DA:135,199
DA:136,144
DA:137,144
DA:138,144
DA:139,55
DA:140,55
DA:141,55
DA:142,55
DA:143,55
DA:144,55
DA:145,55
DA:146,55
DA:147,55
DA:148,55
DA:149,55
DA:150,55
DA:151,55
DA:152,55
DA:153,55
DA:154,55
DA:155,55
DA:156,110
DA:157,110
DA:158,110
DA:159,110
DA:160,110
DA:161,55
DA:162,0
DA:163,0
DA:164,0
DA:165,0
DA:166,0
DA:167,55
DA:168,110
DA:169,110
DA:170,110
DA:171,110
DA:172,110
DA:173,55
DA:174,0
DA:175,0
DA:176,0
DA:177,0
DA:178,0
DA:179,55
DA:180,347
DA:181,347
DA:182,55
DA:183,55
DA:184,55
DA:185,55
DA:186,55
DA:187,55
DA:188,55
DA:189,55
DA:190,55
DA:191,55
DA:192,55
DA:193,55
DA:194,1
DA:195,1
DA:196,46
DA:197,46
DA:198,46
DA:199,46
DA:200,46
DA:201,46
DA:202,10
DA:203,10
DA:204,10
DA:205,46
DA:206,424
DA:207,424
DA:208,424
DA:209,424
DA:210,424
DA:211,447
DA:212,424
DA:213,424
DA:214,83
DA:215,6
DA:216,6
DA:217,6
DA:218,6
DA:219,83
DA:220,77
DA:221,77
DA:222,77
DA:223,83
DA:224,424
DA:225,46
DA:226,1
DA:227,1
DA:228,10
DA:229,6
DA:230,10
DA:231,10
DA:232,10
DA:233,0
DA:234,0
DA:235,0
DA:236,10
DA:237,10
DA:238,10
DA:239,10
DA:240,10
DA:241,6
DA:242,10
DA:243,10
DA:244,1
DA:245,1
DA:246,55
DA:247,55
DA:248,55
DA:249,55
DA:250,55
DA:251,55
DA:252,55
DA:253,55
DA:254,55
DA:255,56
DA:256,56
DA:257,56
DA:258,56
DA:259,56
DA:260,56
DA:261,56
DA:262,56
DA:263,56
DA:264,56
DA:265,56
DA:266,56
DA:267,56
DA:268,36
DA:269,36
DA:270,77
DA:271,77
DA:272,77
DA:273,34
DA:274,77
DA:275,77
DA:276,76
DA:277,76
DA:278,76
DA:279,0
DA:280,0
DA:281,76
DA:282,77
DA:283,77
DA:284,77
DA:285,77
DA:286,77
DA:287,36
DA:288,56
DA:289,55
DA:290,1
DA:291,1
DA:292,0
DA:293,0
DA:294,0
DA:295,0
DA:296,0
DA:297,0
DA:298,0
DA:299,0
DA:300,0
DA:301,0
DA:302,0
DA:303,0
DA:304,0
DA:305,0
DA:306,0
DA:307,0
DA:308,0
DA:309,0
DA:310,0
DA:311,1
DA:312,1
DA:313,83
DA:314,83
DA:315,83
DA:316,83
DA:317,83
DA:318,0
DA:319,0
DA:320,83
DA:321,83
DA:322,83
DA:323,83
DA:324,83
DA:325,83
DA:326,83
DA:327,83
DA:328,83
DA:329,83
DA:330,0
DA:331,83
DA:332,83
DA:333,25
DA:334,25
DA:335,25
DA:336,25
DA:337,25
DA:338,25
DA:339,25
DA:340,25
DA:341,0
DA:342,0
DA:343,0
DA:344,0
DA:345,25
DA:346,25
DA:347,8
DA:348,8
DA:349,8
DA:350,8
DA:351,25
DA:352,25
DA:353,83
DA:354,9
DA:355,9
DA:356,9
DA:357,83
DA:358,83
DA:359,0
DA:360,0
DA:361,0
DA:362,0
DA:363,0
DA:364,0
DA:365,0
DA:366,0
DA:367,0
DA:368,0
DA:369,0
DA:370,0
DA:371,0
DA:372,0
DA:373,0
DA:374,0
DA:375,83
DA:376,83
DA:377,83
DA:378,83
DA:379,83
DA:380,83
DA:381,83
DA:382,83
DA:383,83
DA:384,83
DA:385,83
DA:386,83
DA:387,83
DA:388,83
DA:389,83
DA:390,83
DA:391,83
DA:392,1
DA:393,1
DA:394,11
DA:395,11
DA:396,11
DA:397,11
DA:398,1
DA:399,1
DA:400,11
DA:401,11
DA:402,11
DA:403,11
DA:404,10
DA:405,11
DA:406,11
DA:407,11
DA:408,11
DA:409,11
DA:410,11
DA:411,11
DA:412,11
DA:413,11
DA:414,1
DA:415,1
DA:416,11
DA:417,11
DA:418,11
DA:419,11
DA:420,11
DA:421,11
DA:422,11
DA:423,11
DA:424,1
DA:425,1
DA:426,10
DA:427,10
DA:428,1
DA:429,1
DA:430,11
DA:431,11
DA:432,11
DA:433,11
DA:434,11
DA:435,11
DA:436,11
DA:437,11
DA:438,1
DA:439,1
DA:440,1
DA:441,1
DA:442,1
DA:443,1
DA:444,1
DA:445,1
DA:446,1
DA:447,1
DA:448,1
DA:449,1
LF:449
LH:390
BRDA:53,0,0,11
BRDA:84,1,0,11
BRDA:125,2,0,10
BRDA:132,3,0,199
BRDA:134,4,0,0
BRDA:135,5,0,181
BRDA:135,6,0,144
BRDA:138,7,0,55
BRDA:142,8,0,44
BRDA:155,9,0,110
BRDA:156,10,0,0
BRDA:157,11,0,96
BRDA:167,12,0,110
BRDA:168,13,0,0
BRDA:169,14,0,96
BRDA:179,15,0,347
BRDA:180,16,0,0
BRDA:186,17,0,55
BRDA:186,18,0,0
BRDA:195,19,0,46
BRDA:201,20,0,10
BRDA:201,21,0,10
BRDA:205,22,0,424
BRDA:213,23,0,83
BRDA:214,24,0,6
BRDA:219,25,0,77
BRDA:210,26,0,447
BRDA:211,27,0,274
BRDA:211,28,0,376
BRDA:227,29,0,10
BRDA:228,30,0,6
BRDA:229,31,0,10
BRDA:232,32,0,0
BRDA:238,33,0,0
BRDA:245,34,0,55
BRDA:254,35,0,56
BRDA:267,36,0,43
BRDA:267,37,0,38
BRDA:267,38,0,36
BRDA:269,39,0,77
BRDA:272,40,0,63
BRDA:272,41,0,43
BRDA:272,42,0,34
BRDA:275,43,0,76
BRDA:276,44,0,0
BRDA:278,45,0,0
BRDA:282,46,0,134
BRDA:312,47,0,83
BRDA:328,48,0,0
BRDA:332,49,0,25
BRDA:333,50,0,25
BRDA:339,51,0,8
BRDA:340,52,0,0
BRDA:345,53,0,8
BRDA:346,54,0,8
BRDA:353,55,0,9
BRDA:354,56,0,0
BRDA:384,57,0,222
BRDA:393,58,0,11
BRDA:395,59,0,0
BRDA:399,60,0,11
BRDA:400,61,0,199
BRDA:401,62,0,55
BRDA:402,63,0,55
BRDA:403,64,0,10
BRDA:403,65,0,10
BRDA:404,66,0,1
BRDA:405,67,0,10
BRDA:407,68,0,10
BRDA:415,69,0,11
BRDA:420,70,0,55
BRDA:420,71,0,0
BRDA:422,72,0,55
BRDA:425,73,0,10
BRDA:429,74,0,11
BRDA:431,75,0,10
BRDA:433,76,0,10
BRDA:434,77,0,1
BRDA:435,78,0,55
BRDA:439,79,0,1
BRDA:447,80,0,1
BRF:81
BRH:67
end_of_record
TN:
SF:core/blong-gogo/src/Remote.ts
FN:26,<instance_members_initializer>
FN:43,Remote
FN:62,Remote.#requireMeta
FN:74,Remote.#requireMeta
FN:89,gateway
FN:90,spare
FN:94,sender
FN:107,remote
FN:111,startRetry
FN:162,_getMethod
FN:181,busMethod
FN:352,dispatch
FN:375,_getPath
FN:379,_getOpcode
FN:383,_findMethod
FN:397,_processError
FN:410,sanitize
FN:425,stop
FN:428,start
FNF:19
FNH:12
FNDA:11,<instance_members_initializer>
FNDA:11,Remote
FNDA:0,Remote.#requireMeta
FNDA:0,Remote.#requireMeta
FNDA:9,gateway
FNDA:0,spare
FNDA:0,sender
FNDA:246,remote
FNDA:0,startRetry
FNDA:268,_getMethod
FNDA:154,busMethod
FNDA:0,dispatch
FNDA:254,_getPath
FNDA:154,_getOpcode
FNDA:100,_findMethod
FNDA:6,_processError
FNDA:0,sanitize
FNDA:11,stop
FNDA:11,start
DA:1,1
DA:2,1
DA:3,1
DA:4,1
DA:5,1
DA:6,1
DA:7,1
DA:8,1
DA:9,1
DA:10,1
DA:11,1
DA:12,1
DA:13,1
DA:14,1
DA:15,1
DA:16,1
DA:17,1
DA:18,1
DA:19,1
DA:20,1
DA:21,1
DA:22,1
DA:23,1
DA:24,1
DA:25,1
DA:26,1
DA:27,11
DA:28,11
DA:29,11
DA:30,11
DA:31,11
DA:32,11
DA:33,11
DA:34,11
DA:35,11
DA:36,11
DA:37,11
DA:38,11
DA:39,11
DA:40,11
DA:41,1
DA:42,1
DA:43,1
DA:44,11
DA:45,11
DA:46,11
DA:47,11
DA:48,11
DA:49,11
DA:50,11
DA:51,11
DA:52,11
DA:53,11
DA:54,11
DA:55,11
DA:56,11
DA:57,11
DA:58,11
DA:59,11
DA:60,11
DA:61,11
DA:62,0
DA:63,0
DA:64,0
DA:65,0
DA:66,0
DA:67,0
DA:68,0
DA:69,11
DA:70,11
DA:71,11
DA:72,11
DA:73,11
DA:74,11
DA:75,0
DA:76,0
DA:77,0
DA:78,0
DA:79,11
DA:80,11
DA:81,11
DA:82,0
DA:83,0
DA:84,11
DA:85,11
DA:86,11
DA:87,11
DA:88,1
DA:89,1
DA:90,1
DA:91,0
DA:92,0
DA:93,1
DA:94,1
DA:95,0
DA:96,0
DA:97,0
DA:98,0
DA:99,0
DA:100,0
DA:101,0
DA:102,0
DA:103,0
DA:104,0
DA:105,0
DA:106,1
DA:107,1
DA:108,246
DA:109,246
DA:110,246
DA:111,246
DA:112,0
DA:113,0
DA:114,0
DA:115,0
DA:116,0
DA:117,0
DA:118,0
DA:119,0
DA:120,0
DA:121,0
DA:122,0
DA:123,0
DA:124,0
DA:125,0
DA:126,0
DA:127,0
DA:128,0
DA:129,0
DA:130,0
DA:131,0
DA:132,246
DA:133,246
DA:134,246
DA:135,246
DA:136,246
DA:137,246
DA:138,246
DA:139,246
DA:140,246
DA:141,154
DA:142,154
DA:143,0
DA:144,0
DA:145,0
DA:146,0
DA:147,154
DA:148,154
DA:149,154
DA:150,246
DA:151,246
DA:152,246
DA:153,246
DA:154,246
DA:155,246
DA:156,246
DA:157,246
DA:158,246
DA:159,246
DA:160,246
DA:161,1
DA:162,1
DA:163,268
DA:164,268
DA:165,268
DA:166,268
DA:167,268
DA:168,268
DA:169,268
DA:170,268
DA:171,268
DA:172,268
DA:173,268
DA:174,268
DA:175,268
DA:176,268
DA:177,268
DA:178,268
DA:179,268
DA:180,268
DA:181,268
DA:182,154
DA:183,154
DA:184,154
DA:185,0
DA:186,0
DA:187,154
DA:188,154
DA:189,154
DA:190,154
DA:191,154
DA:192,154
DA:193,154
DA:194,0
DA:195,0
DA:196,0
DA:197,0
DA:198,0
DA:199,0
DA:200,0
DA:201,0
DA:202,154
DA:203,100
DA:204,100
DA:205,100
DA:206,100
DA:207,100
DA:208,100
DA:209,0
DA:210,0
DA:211,100
DA:212,154
DA:213,0
DA:214,0
DA:215,0
DA:216,0
DA:217,0
DA:218,0
DA:219,0
DA:220,0
DA:221,0
DA:222,0
DA:223,0
DA:224,0
DA:225,0
DA:226,0
DA:227,154
DA:228,154
DA:229,154
DA:230,154
DA:231,154
DA:232,154
DA:233,154
DA:234,154
DA:235,0
DA:236,0
DA:237,0
DA:238,0
DA:239,0
DA:240,0
DA:241,0
DA:242,0
DA:243,0
DA:244,0
DA:245,0
DA:246,0
DA:247,0
DA:248,0
DA:249,0
DA:250,0
DA:251,0
DA:252,0
DA:253,0
DA:254,0
DA:255,0
DA:256,0
DA:257,0
DA:258,0
DA:259,0
DA:260,0
DA:261,0
DA:262,0
DA:263,0
DA:264,0
DA:265,0
DA:266,0
DA:267,0
DA:268,0
DA:269,0
DA:270,0
DA:271,0
DA:272,0
DA:273,0
DA:274,0
DA:275,0
DA:276,0
DA:277,0
DA:278,0
DA:279,0
DA:280,0
DA:281,0
DA:282,0
DA:283,0
DA:284,0
DA:285,0
DA:286,0
DA:287,0
DA:288,0
DA:289,0
DA:290,0
DA:291,0
DA:292,0
DA:293,0
DA:294,0
DA:295,0
DA:296,0
DA:297,154
DA:298,154
DA:299,154
DA:300,154
DA:301,0
DA:302,154
DA:303,0
DA:304,154
DA:305,154
DA:306,154
DA:307,154
DA:308,148
DA:309,148
DA:310,0
DA:311,154
DA:312,0
DA:313,154
DA:314,154
DA:315,154
DA:316,0
DA:317,0
DA:318,0
DA:319,0
DA:320,154
DA:321,0
DA:322,0
DA:323,148
DA:324,154
DA:325,6
DA:326,6
DA:327,0
DA:328,0
DA:329,6
DA:330,0
DA:331,0
DA:332,0
DA:333,0
DA:334,6
DA:335,6
DA:336,154
DA:337,0
DA:338,0
DA:339,0
DA:340,0
DA:341,0
DA:342,0
DA:343,0
DA:344,0
DA:345,0
DA:346,0
DA:347,154
DA:348,268
DA:349,268
DA:350,268
DA:351,1
DA:352,1
DA:353,0
DA:354,0
DA:355,0
DA:356,0
DA:357,0
DA:358,0
DA:359,0
DA:360,0
DA:361,0
DA:362,0
DA:363,0
DA:364,0
DA:365,0
DA:366,0
DA:367,0
DA:368,0
DA:369,0
DA:370,0
DA:371,0
DA:372,0
DA:373,0
DA:374,1
DA:375,1
DA:376,254
DA:377,254
DA:378,1
DA:379,1
DA:380,154
DA:381,154
DA:382,1
DA:383,1
DA:384,100
DA:385,100
DA:386,100
DA:387,100
DA:388,100
DA:389,100
DA:390,296
DA:391,296
DA:392,296
DA:393,100
DA:394,100
DA:395,100
DA:396,1
DA:397,1
DA:398,6
DA:399,6
DA:400,0
DA:401,6
DA:402,6
DA:403,6
DA:404,0
DA:405,0
DA:406,6
DA:407,6
DA:408,6
DA:409,1
DA:410,1
DA:411,0
DA:412,0
DA:413,0
DA:414,0
DA:415,0
DA:416,0
DA:417,0
DA:418,0
DA:419,0
DA:420,0
DA:421,0
DA:422,0
DA:423,0
DA:424,1
DA:425,1
DA:426,11
DA:427,11
DA:428,1
DA:429,11
DA:430,11
DA:431,1
LF:431
LH:230
BRDA:26,0,0,11
BRDA:43,1,0,11
BRDA:58,2,0,0
BRDA:59,3,0,0
BRDA:60,4,0,0
BRDA:61,5,0,0
BRDA:69,6,0,0
BRDA:70,7,0,0
BRDA:73,8,0,0
BRDA:81,9,0,0
BRDA:89,10,0,9
BRDA:107,11,0,246
BRDA:108,12,0,0
BRDA:140,13,0,154
BRDA:142,14,0,0
BRDA:142,15,0,0
BRDA:162,16,0,268
BRDA:176,17,0,0
BRDA:177,18,0,0
BRDA:181,19,0,154
BRDA:184,20,0,0
BRDA:190,21,0,0
BRDA:193,22,0,0
BRDA:193,23,0,0
BRDA:202,24,0,100
BRDA:208,25,0,0
BRDA:212,26,0,0
BRDA:212,27,0,0
BRDA:234,28,0,0
BRDA:300,29,0,0
BRDA:301,30,0,0
BRDA:302,31,0,0
BRDA:303,32,0,0
BRDA:304,33,0,0
BRDA:305,34,0,0
BRDA:305,35,0,0
BRDA:307,36,0,148
BRDA:309,37,0,0
BRDA:310,38,0,0
BRDA:311,39,0,0
BRDA:314,40,0,0
BRDA:314,41,0,148
BRDA:315,42,0,0
BRDA:319,43,0,148
BRDA:320,44,0,0
BRDA:322,45,0,148
BRDA:324,46,0,6
BRDA:326,47,0,0
BRDA:327,48,0,0
BRDA:329,49,0,0
BRDA:336,50,0,0
BRDA:375,51,0,254
BRDA:376,52,0,0
BRDA:379,53,0,154
BRDA:383,54,0,100
BRDA:389,55,0,296
BRDA:389,56,0,296
BRDA:397,57,0,6
BRDA:399,58,0,0
BRDA:403,59,0,0
BRDA:425,60,0,11
BRDA:428,61,0,11
BRF:62
BRH:21
end_of_record
TN:
SF:core/blong-gogo/src/Resolution.ts
FN:1,(empty-report)
FNF:1
FNH:0
FNDA:0,(empty-report)
DA:1,0
DA:2,0
DA:3,0
DA:4,0
DA:5,0
DA:6,0
DA:7,0
DA:8,0
DA:9,0
DA:10,0
DA:11,0
DA:12,0
DA:13,0
LF:13
LH:0
BRDA:1,0,0,0
BRF:1
BRH:0
end_of_record
TN:
SF:core/blong-gogo/src/ResolutionDiscovery.ts
FN:1,(empty-report)
FNF:1
FNH:0
FNDA:0,(empty-report)
DA:1,0
DA:2,0
DA:3,0
DA:4,0
DA:5,0
DA:6,0
DA:7,0
DA:8,0
DA:9,0
DA:10,0
DA:11,0
DA:12,0
DA:13,0
DA:14,0
DA:15,0
DA:16,0
DA:17,0
DA:18,0
DA:19,0
DA:20,0
DA:21,0
DA:22,0
DA:23,0
DA:24,0
DA:25,0
DA:26,0
DA:27,0
DA:28,0
DA:29,0
DA:30,0
DA:31,0
DA:32,0
DA:33,0
DA:34,0
DA:35,0
DA:36,0
DA:37,0
DA:38,0
DA:39,0
DA:40,0
DA:41,0
DA:42,0
DA:43,0
DA:44,0
DA:45,0
DA:46,0
DA:47,0
DA:48,0
DA:49,0
DA:50,0
DA:51,0
DA:52,0
DA:53,0
DA:54,0
DA:55,0
DA:56,0
DA:57,0
DA:58,0
DA:59,0
DA:60,0
DA:61,0
DA:62,0
DA:63,0
DA:64,0
DA:65,0
DA:66,0
DA:67,0
DA:68,0
DA:69,0
DA:70,0
DA:71,0
DA:72,0
DA:73,0
DA:74,0
DA:75,0
DA:76,0
DA:77,0
DA:78,0
DA:79,0
DA:80,0
DA:81,0
DA:82,0
DA:83,0
DA:84,0
DA:85,0
DA:86,0
DA:87,0
DA:88,0
DA:89,0
DA:90,0
DA:91,0
DA:92,0
DA:93,0
DA:94,0
DA:95,0
DA:96,0
DA:97,0
DA:98,0
DA:99,0
DA:100,0
DA:101,0
DA:102,0
DA:103,0
DA:104,0
DA:105,0
DA:106,0
DA:107,0
DA:108,0
DA:109,0
DA:110,0
DA:111,0
DA:112,0
DA:113,0
DA:114,0
DA:115,0
DA:116,0
DA:117,0
DA:118,0
DA:119,0
DA:120,0
LF:120
LH:0
BRDA:1,0,0,0
BRF:1
BRH:0
end_of_record
TN:
SF:core/blong-gogo/src/ResolutionLocal.ts
FN:11,<instance_members_initializer>
FN:17,ResolutionLocal
FN:22,resolve
FN:36,announce
FN:38,start
FN:40,stop
FNF:6
FNH:6
FNDA:1,<instance_members_initializer>
FNDA:1,ResolutionLocal
FNDA:1,resolve
FNDA:67,announce
FNDA:1,start
FNDA:1,stop
DA:1,1
DA:2,1
DA:3,1
DA:4,1
DA:5,1
DA:6,1
DA:7,1
DA:8,1
DA:9,1
DA:10,1
DA:11,1
DA:12,1
DA:13,1
DA:14,1
DA:15,1
DA:16,1
DA:17,1
DA:18,1
DA:19,1
DA:20,1
DA:21,1
DA:22,1
DA:23,1
DA:24,1
DA:25,1
DA:26,1
DA:27,1
DA:28,1
DA:29,1
DA:30,1
DA:31,0
DA:32,1
DA:33,1
DA:34,1
DA:35,1
DA:36,1
DA:37,1
DA:38,1
DA:39,1
DA:40,1
DA:41,1
LF:41
LH:40
BRDA:11,0,0,1
BRDA:17,1,0,1
BRDA:22,2,0,1
BRDA:30,3,0,0
BRDA:36,4,0,67
BRDA:38,5,0,1
BRDA:40,6,0,1
BRF:7
BRH:6
end_of_record
TN:
SF:core/blong-gogo/src/RestFs.ts
FN:35,<instance_members_initializer>
FN:46,RestFs
FN:55,init
FN:63,isWithinBase
FN:69,resolveSafePath
FN:103,fsError
FN:125,fp.name
FN:142,handler
FN:166,handler
FN:188,handler
FN:207,handler
FN:226,handler
FN:252,handler
FN:280,handler
FN:301,handler
FN:331,handler
FNF:16
FNH:16
FNDA:14,<instance_members_initializer>
FNDA:14,RestFs
FNDA:14,init
FNDA:36,isWithinBase
FNDA:22,resolveSafePath
FNDA:8,fsError
FNDA:2,fp.name
FNDA:3,handler
FNDA:1,handler
FNDA:1,handler
FNDA:2,handler
FNDA:3,handler
FNDA:3,handler
FNDA:3,handler
FNDA:2,handler
FNDA:3,handler
DA:1,1
DA:2,1
DA:3,1
DA:4,1
DA:5,1
DA:6,1
DA:7,1
DA:8,1
DA:9,1
DA:10,1
DA:11,1
DA:12,1
DA:13,1
DA:14,1
DA:15,1
DA:16,1
DA:17,1
DA:18,1
DA:19,1
DA:20,1
DA:21,1
DA:22,1
DA:23,1
DA:24,1
DA:25,1
DA:26,1
DA:27,1
DA:28,1
DA:29,1
DA:30,1
DA:31,1
DA:32,1
DA:33,1
DA:34,1
DA:35,1
DA:36,14
DA:37,14
DA:38,14
DA:39,14
DA:40,14
DA:41,14
DA:42,14
DA:43,14
DA:44,1
DA:45,1
DA:46,1
DA:47,14
DA:48,14
DA:49,14
DA:50,14
DA:51,14
DA:52,14
DA:53,14
DA:54,1
DA:55,1
DA:56,14
DA:57,2
DA:58,2
DA:59,2
DA:60,2
DA:61,2
DA:62,2
DA:63,2
DA:64,36
DA:65,36
DA:66,36
DA:67,36
DA:68,2
DA:69,2
DA:70,22
DA:71,22
DA:72,22
DA:73,4
DA:74,4
DA:75,4
DA:76,4
DA:77,18
DA:78,18
DA:79,18
DA:80,18
DA:81,22
DA:82,22
DA:83,22
DA:84,14
DA:85,22
DA:86,8
DA:87,8
DA:88,8
DA:89,8
DA:90,0
DA:91,0
DA:92,22
DA:93,22
DA:94,2
DA:95,2
DA:96,2
DA:97,2
DA:98,16
DA:99,22
DA:100,7
DA:101,7
DA:102,2
DA:103,2
DA:104,8
DA:105,8
DA:106,8
DA:107,8
DA:108,8
DA:109,8
DA:110,3
DA:111,8
DA:112,5
DA:113,8
DA:114,0
DA:115,0
DA:116,0
DA:117,8
DA:118,0
DA:119,8
DA:120,8
DA:121,2
DA:122,2
DA:123,2
DA:124,2
DA:125,2
DA:126,2
DA:127,2
DA:128,2
DA:129,2
DA:130,2
DA:131,2
DA:132,2
DA:133,3
DA:134,3
DA:135,2
DA:136,2
DA:137,2
DA:138,2
DA:139,2
DA:140,2
DA:141,2
DA:142,2
DA:143,3
DA:144,3
DA:145,3
DA:146,3
DA:147,3
DA:148,2
DA:149,1
DA:150,3
DA:151,3
DA:152,3
DA:153,3
DA:154,3
DA:155,3
DA:156,2
DA:157,2
DA:158,3
DA:159,2
DA:160,2
DA:161,2
DA:162,2
DA:163,2
DA:164,2
DA:165,2
DA:166,2
DA:167,1
DA:168,1
DA:169,1
DA:170,1
DA:171,1
DA:172,1
DA:173,1
DA:174,1
DA:175,1
DA:176,1
DA:177,1
DA:178,0
DA:179,0
DA:180,1
DA:181,2
DA:182,2
DA:183,2
DA:184,2
DA:185,2
DA:186,2
DA:187,2
DA:188,2
DA:189,1
DA:190,1
DA:191,1
DA:192,1
DA:193,1
DA:194,1
DA:195,1
DA:196,1
DA:197,0
DA:198,0
DA:199,1
DA:200,2
DA:201,2
DA:202,2
DA:203,2
DA:204,2
DA:205,2
DA:206,2
DA:207,2
DA:208,2
DA:209,2
DA:210,2
DA:211,2
DA:212,2
DA:213,2
DA:214,1
DA:215,1
DA:216,1
DA:217,1
DA:218,2
DA:219,2
DA:220,2
DA:221,2
DA:222,2
DA:223,2
DA:224,2
DA:225,2
DA:226,2
DA:227,3
DA:228,3
DA:229,3
DA:230,3
DA:231,3
DA:232,3
DA:233,1
DA:234,1
DA:235,1
DA:236,1
DA:237,2
DA:238,1
DA:239,1
DA:240,1
DA:241,1
DA:242,1
DA:243,1
DA:244,3
DA:245,2
DA:246,2
DA:247,2
DA:248,2
DA:249,2
DA:250,2
DA:251,2
DA:252,2
DA:253,3
DA:254,3
DA:255,3
DA:256,3
DA:257,3
DA:258,3
DA:259,3
DA:260,3
DA:261,3
DA:262,3
DA:263,3
DA:264,1
DA:265,1
DA:266,1
DA:267,1
DA:268,2
DA:269,3
DA:270,1
DA:271,1
DA:272,3
DA:273,2
DA:274,2
DA:275,2
DA:276,2
DA:277,2
DA:278,2
DA:279,2
DA:280,2
DA:281,3
DA:282,3
DA:283,3
DA:284,3
DA:285,3
DA:286,3
DA:287,2
DA:288,1
DA:289,1
DA:290,3
DA:291,2
DA:292,2
DA:293,3
DA:294,2
DA:295,2
DA:296,2
DA:297,2
DA:298,2
DA:299,2
DA:300,2
DA:301,2
DA:302,2
DA:303,2
DA:304,2
DA:305,2
DA:306,2
DA:307,2
DA:308,2
DA:309,2
DA:310,2
DA:311,1
DA:312,2
DA:313,0
DA:314,2
DA:315,1
DA:316,1
DA:317,1
DA:318,1
DA:319,1
DA:320,1
DA:321,2
DA:322,2
DA:323,2
DA:324,2
DA:325,2
DA:326,1
DA:327,1
DA:328,1
DA:329,1
DA:330,1
DA:331,1
DA:332,3
DA:333,3
DA:334,3
DA:335,3
DA:336,3
DA:337,1
DA:338,1
DA:339,2
DA:340,2
DA:341,2
DA:342,2
DA:343,1
DA:344,1
DA:345,3
DA:346,1
DA:347,1
DA:348,1
DA:349,1
DA:350,1
DA:351,1
DA:352,1
DA:353,1
DA:354,1
DA:355,1
DA:356,1
DA:357,1
DA:358,1
DA:359,1
DA:360,1
DA:361,1
DA:362,1
DA:363,1
DA:364,1
DA:365,1
DA:366,1
DA:367,1
DA:368,1
DA:369,1
DA:370,1
DA:371,1
DA:372,3
DA:373,0
DA:374,3
DA:375,1
DA:376,1
DA:377,3
DA:378,1
DA:379,1
DA:380,2
DA:381,2
DA:382,2
DA:383,2
DA:384,2
DA:385,2
DA:386,1
LF:386
LH:374
BRDA:35,0,0,14
BRDA:46,1,0,14
BRDA:55,2,0,14
BRDA:56,3,0,3
BRDA:56,4,0,12
BRDA:56,5,0,2
BRDA:63,6,0,36
BRDA:64,7,0,0
BRDA:66,8,0,30
BRDA:66,9,0,30
BRDA:69,10,0,22
BRDA:70,11,0,0
BRDA:72,12,0,4
BRDA:76,13,0,18
BRDA:83,14,0,14
BRDA:85,15,0,8
BRDA:89,16,0,0
BRDA:92,17,0,18
BRDA:93,18,0,14
BRDA:93,19,0,2
BRDA:97,20,0,16
BRDA:99,21,0,12
BRDA:99,22,0,9
BRDA:99,23,0,7
BRDA:103,24,0,8
BRDA:109,25,0,3
BRDA:111,26,0,5
BRDA:112,27,0,0
BRDA:113,28,0,0
BRDA:117,29,0,0
BRDA:125,30,0,2
BRDA:325,31,0,1
BRDA:132,32,0,3
BRDA:142,33,0,3
BRDA:147,34,0,2
BRDA:148,35,0,1
BRDA:150,36,0,0
BRDA:155,37,0,2
BRDA:166,38,0,1
BRDA:177,39,0,0
BRDA:173,40,0,1
BRDA:175,41,0,0
BRDA:188,42,0,1
BRDA:196,43,0,0
BRDA:207,44,0,2
BRDA:213,45,0,1
BRDA:226,46,0,3
BRDA:232,47,0,1
BRDA:236,48,0,2
BRDA:237,49,0,1
BRDA:252,50,0,3
BRDA:262,51,0,2
BRDA:263,52,0,1
BRDA:267,53,0,2
BRDA:269,54,0,1
BRDA:280,55,0,3
BRDA:286,56,0,2
BRDA:287,57,0,1
BRDA:290,58,0,2
BRDA:301,59,0,2
BRDA:310,60,0,1
BRDA:312,61,0,0
BRDA:314,62,0,1
BRDA:331,63,0,3
BRDA:336,64,0,1
BRDA:338,65,0,2
BRDA:342,66,0,1
BRDA:343,67,0,0
BRDA:343,68,0,1
BRDA:345,69,0,1
BRDA:372,70,0,0
BRDA:374,71,0,1
BRDA:370,72,0,1
BRF:73
BRH:60
end_of_record
TN:
SF:core/blong-gogo/src/RpcClient.ts
FN:55,<instance_members_initializer>
FN:66,RpcClientImpl
FN:98,verify
FN:104,gateway
FN:110,sender
FNF:5
FNH:5
FNDA:10,<instance_members_initializer>
FNDA:10,RpcClientImpl
FNDA:2,verify
FNDA:91,gateway
FNDA:10,sender
DA:1,1
DA:2,1
DA:3,1
DA:4,1
DA:5,1
DA:6,1
DA:7,1
DA:8,1
DA:9,1
DA:10,1
DA:11,1
DA:12,1
DA:13,1
DA:14,1
DA:15,1
DA:16,1
DA:17,1
DA:18,1
DA:19,1
DA:20,1
DA:21,1
DA:22,1
DA:23,1
DA:24,1
DA:25,1
DA:26,1
DA:27,1
DA:28,1
DA:29,1
DA:30,1
DA:31,1
DA:32,1
DA:33,1
DA:34,1
DA:35,1
DA:36,1
DA:37,1
DA:38,1
DA:39,1
DA:40,1
DA:41,1
DA:42,1
DA:43,1
DA:44,1
DA:45,1
DA:46,1
DA:47,1
DA:48,1
DA:49,1
DA:50,1
DA:51,1
DA:52,1
DA:53,1
DA:54,1
DA:55,1
DA:56,10
DA:57,10
DA:58,10
DA:59,10
DA:60,10
DA:61,10
DA:62,10
DA:63,10
DA:64,1
DA:65,1
DA:66,1
DA:67,10
DA:68,10
DA:69,10
DA:70,10
DA:71,10
DA:72,10
DA:73,10
DA:74,10
DA:75,10
DA:76,10
DA:77,10
DA:78,10
DA:79,10
DA:80,10
DA:81,10
DA:82,10
DA:83,10
DA:84,10
DA:85,10
DA:86,10
DA:87,10
DA:88,10
DA:89,10
DA:90,10
DA:91,10
DA:92,10
DA:93,10
DA:94,10
DA:95,10
DA:96,10
DA:97,1
DA:98,1
DA:99,2
DA:100,2
DA:101,2
DA:102,2
DA:103,1
DA:104,1
DA:105,91
DA:106,91
DA:107,91
DA:108,91
DA:109,1
DA:110,1
DA:111,10
DA:112,10
DA:113,10
DA:114,0
DA:115,0
DA:116,0
DA:117,0
DA:118,0
DA:119,0
DA:120,0
DA:121,0
DA:122,0
DA:123,0
DA:124,0
DA:125,0
DA:126,0
DA:127,0
DA:128,0
DA:129,0
DA:130,0
DA:131,0
DA:132,0
DA:133,0
DA:134,0
DA:135,0
DA:136,0
DA:137,0
DA:138,0
DA:139,0
DA:140,0
DA:141,0
DA:142,0
DA:143,0
DA:144,0
DA:145,0
DA:146,0
DA:147,0
DA:148,0
DA:149,0
DA:150,0
DA:151,0
DA:152,0
DA:153,0
DA:154,0
DA:155,0
DA:156,0
DA:157,0
DA:158,0
DA:159,0
DA:160,0
DA:161,0
DA:162,0
DA:163,0
DA:164,0
DA:165,0
DA:166,0
DA:167,0
DA:168,0
DA:169,0
DA:170,0
DA:171,0
DA:172,0
DA:173,0
DA:174,0
DA:175,0
DA:176,0
DA:177,0
DA:178,0
DA:179,0
DA:180,0
DA:181,0
DA:182,0
DA:183,0
DA:184,0
DA:185,0
DA:186,0
DA:187,0
DA:188,0
DA:189,0
DA:190,0
DA:191,0
DA:192,0
DA:193,0
DA:194,0
DA:195,0
DA:196,0
DA:197,0
DA:198,0
DA:199,0
DA:200,0
DA:201,0
DA:202,0
DA:203,0
DA:204,0
DA:205,0
DA:206,0
DA:207,0
DA:208,0
DA:209,0
DA:210,0
DA:211,0
DA:212,0
DA:213,0
DA:214,0
DA:215,0
DA:216,0
DA:217,0
DA:218,0
DA:219,0
DA:220,0
DA:221,0
DA:222,0
DA:223,0
DA:224,0
DA:225,0
DA:226,0
DA:227,0
DA:228,0
DA:229,0
DA:230,0
DA:231,0
DA:232,0
DA:233,0
DA:234,10
DA:235,1
LF:235
LH:115
BRDA:55,0,0,10
BRDA:66,1,0,10
BRDA:98,2,0,2
BRDA:104,3,0,91
BRDA:110,4,0,10
BRF:5
BRH:5
end_of_record
TN:
SF:core/blong-gogo/src/RpcServer.ts
FN:13,<instance_members_initializer>
FN:26,RpcServer
FN:45,_register
FN:54,handle
FN:89,handler
FN:98,register
FN:125,setAttachCheckpoint
FN:129,_unregister
FN:139,unregister
FN:143,start
FN:152,stop
FN:157,info
FNF:12
FNH:7
FNDA:10,<instance_members_initializer>
FNDA:10,RpcServer
FNDA:242,_register
FNDA:0,handle
FNDA:0,handler
FNDA:192,register
FNDA:10,setAttachCheckpoint
FNDA:0,_unregister
FNDA:0,unregister
FNDA:10,start
FNDA:10,stop
FNDA:0,info
DA:1,1
DA:2,1
DA:3,1
DA:4,1
DA:5,1
DA:6,1
DA:7,1
DA:8,1
DA:9,1
DA:10,1
DA:11,1
DA:12,1
DA:13,1
DA:14,10
DA:15,10
DA:16,10
DA:17,10
DA:18,10
DA:19,10
DA:20,10
DA:21,10
DA:22,10
DA:23,10
DA:24,1
DA:25,1
DA:26,1
DA:27,10
DA:28,10
DA:29,10
DA:30,10
DA:31,10
DA:32,10
DA:33,10
DA:34,10
DA:35,10
DA:36,10
DA:37,10
DA:38,10
DA:39,10
DA:40,10
DA:41,10
DA:42,10
DA:43,10
DA:44,1
DA:45,1
DA:46,242
DA:47,242
DA:48,242
DA:49,242
DA:50,242
DA:51,242
DA:52,242
DA:53,242
DA:54,242
DA:55,0
DA:56,0
DA:57,0
DA:58,0
DA:59,0
DA:60,0
DA:61,0
DA:62,0
DA:63,0
DA:64,0
DA:65,0
DA:66,0
DA:67,0
DA:68,0
DA:69,0
DA:70,0
DA:71,0
DA:72,0
DA:73,0
DA:74,0
DA:75,0
DA:76,0
DA:77,0
DA:78,0
DA:79,0
DA:80,0
DA:81,242
DA:82,242
DA:83,224
DA:84,224
DA:85,224
DA:86,224
DA:87,224
DA:88,224
DA:89,224
DA:90,224
DA:91,224
DA:92,242
DA:93,242
DA:94,242
DA:95,242
DA:96,242
DA:97,1
DA:98,1
DA:99,192
DA:100,192
DA:101,192
DA:102,192
DA:103,192
DA:104,192
DA:105,0
DA:106,0
DA:107,0
DA:108,0
DA:109,0
DA:110,192
DA:111,192
DA:112,242
DA:113,242
DA:114,242
DA:115,242
DA:116,242
DA:117,242
DA:118,242
DA:119,242
DA:120,242
DA:121,242
DA:122,192
DA:123,192
DA:124,1
DA:125,1
DA:126,10
DA:127,10
DA:128,1
DA:129,1
DA:130,0
DA:131,0
DA:132,0
DA:133,0
DA:134,0
DA:135,0
DA:136,0
DA:137,0
DA:138,1
DA:139,1
DA:140,0
DA:141,0
DA:142,1
DA:143,1
DA:144,10
DA:145,10
DA:146,10
DA:147,10
DA:148,10
DA:149,10
DA:150,10
DA:151,1
DA:152,1
DA:153,10
DA:154,10
DA:155,10
DA:156,1
DA:157,1
DA:158,0
DA:159,0
DA:160,0
DA:161,0
DA:162,1
LF:162
LH:117
BRDA:13,0,0,10
BRDA:26,1,0,10
BRDA:45,2,0,242
BRDA:82,3,0,18
BRDA:82,4,0,224
BRDA:92,5,0,57
BRDA:98,6,0,192
BRDA:104,7,0,0
BRDA:111,8,0,242
BRDA:125,9,0,10
BRDA:143,10,0,10
BRDA:144,11,0,224
BRDA:152,12,0,10
BRF:13
BRH:12
end_of_record
TN:
SF:core/blong-gogo/src/SystemDebug.ts
FN:31,<instance_members_initializer>
FN:39,SystemDebug
FN:45,init
FN:57,fp.name
FNF:4
FNH:3
FNDA:10,<instance_members_initializer>
FNDA:10,SystemDebug
FNDA:10,init
FNDA:0,fp.name
DA:1,1
DA:2,1
DA:3,1
DA:4,1
DA:5,1
DA:6,1
DA:7,1
DA:8,1
DA:9,1
DA:10,1
DA:11,1
DA:12,1
DA:13,1
DA:14,1
DA:15,1
DA:16,1
DA:17,1
DA:18,1
DA:19,1
DA:20,1
DA:21,1
DA:22,1
DA:23,1
DA:24,1
DA:25,1
DA:26,1
DA:27,1
DA:28,1
DA:29,1
DA:30,1
DA:31,1
DA:32,10
DA:33,10
DA:34,10
DA:35,10
DA:36,10
DA:37,1
DA:38,1
DA:39,1
DA:40,10
DA:41,10
DA:42,10
DA:43,10
DA:44,1
DA:45,1
DA:46,10
DA:47,0
DA:48,0
DA:49,0
DA:50,10
DA:51,10
DA:52,10
DA:53,10
DA:54,10
DA:55,10
DA:56,10
DA:57,10
DA:58,0
DA:59,0
DA:60,0
DA:61,0
DA:62,0
DA:63,0
DA:64,0
DA:65,0
DA:66,0
DA:67,0
DA:68,0
DA:69,0
DA:70,0
DA:71,0
DA:72,0
DA:73,0
DA:74,0
DA:75,0
DA:76,0
DA:77,0
DA:78,0
DA:79,0
DA:80,0
DA:81,0
DA:82,0
DA:83,0
DA:84,0
DA:85,0
DA:86,0
DA:87,0
DA:88,0
DA:89,0
DA:90,0
DA:91,0
DA:92,0
DA:93,0
DA:94,0
DA:95,0
DA:96,0
DA:97,0
DA:98,0
DA:99,0
DA:100,0
DA:101,0
DA:102,0
DA:103,0
DA:104,0
DA:105,0
DA:106,0
DA:107,0
DA:108,0
DA:109,0
DA:110,0
DA:111,0
DA:112,0
DA:113,10
DA:114,10
DA:115,10
DA:116,10
DA:117,10
DA:118,1
LF:118
LH:60
BRDA:31,0,0,10
BRDA:39,1,0,10
BRDA:45,2,0,10
BRDA:46,3,0,0
BRDA:46,4,0,0
BRF:5
BRH:3
end_of_record
TN:
SF:core/blong-gogo/src/Watch.ts
FN:40,isYaml
FN:41,isJSON
FN:42,isCode
FN:43,isLayerActivation
FN:45,isConfig
FN:68,affectedNamespaces
FN:82,<instance_members_initializer>
FN:102,Watch
FN:127,setConfigRuntime
FN:138,_validateAndSetHandlerName
FN:167,_generate
FN:213,_loadHandlers
FN:233,isFile
FN:234,isDirectory
FN:358,load
FN:391,Object.defineProperty.value
FN:405,Object.defineProperty.value
FN:432,_reloadConfig
FN:487,_reloadUnit
FN:572,_watch
FN:610,start
FN:661,test
FN:667,done
FN:675,stop
FNF:24
FNH:18
FNDA:194,isYaml
FNDA:194,isJSON
FNDA:384,isCode
FNDA:374,isLayerActivation
FNDA:378,isConfig
FNDA:5,affectedNamespaces
FNDA:11,<instance_members_initializer>
FNDA:11,Watch
FNDA:11,setConfigRuntime
FNDA:189,_validateAndSetHandlerName
FNDA:0,_generate
FNDA:79,_loadHandlers
FNDA:0,isFile
FNDA:0,isDirectory
FNDA:269,load
FNDA:1,Object.defineProperty.value
FNDA:188,Object.defineProperty.value
FNDA:0,_reloadConfig
FNDA:0,_reloadUnit
FNDA:0,_watch
FNDA:11,start
FNDA:10,test
FNDA:10,done
FNDA:11,stop
DA:1,1
DA:2,1
DA:3,1
DA:4,1
DA:5,1
DA:6,1
DA:7,1
DA:8,1
DA:9,1
DA:10,1
DA:11,1
DA:12,1
DA:13,1
DA:14,1
DA:15,1
DA:16,1
DA:17,1
DA:18,1
DA:19,1
DA:20,1
DA:21,1
DA:22,1
DA:23,1
DA:24,1
DA:25,1
DA:26,1
DA:27,1
DA:28,1
DA:29,1
DA:30,1
DA:31,1
DA:32,1
DA:33,1
DA:34,1
DA:35,1
DA:36,1
DA:37,1
DA:38,1
DA:39,1
DA:40,1
DA:41,1
DA:42,1
DA:43,1
DA:44,374
DA:45,1
DA:46,1
DA:47,1
DA:48,1
DA:49,1
DA:50,1
DA:51,1
DA:52,1
DA:53,1
DA:54,1
DA:55,1
DA:56,1
DA:57,1
DA:58,1
DA:59,1
DA:60,1
DA:61,1
DA:62,1
DA:63,1
DA:64,1
DA:65,1
DA:66,1
DA:67,1
DA:68,1
DA:69,5
DA:70,5
DA:71,9
DA:72,11
DA:73,4
DA:74,4
DA:75,4
DA:76,11
DA:77,9
DA:78,5
DA:79,5
DA:80,1
DA:81,1
DA:82,1
DA:83,11
DA:84,11
DA:85,11
DA:86,11
DA:87,11
DA:88,11
DA:89,11
DA:90,11
DA:91,11
DA:92,11
DA:93,11
DA:94,11
DA:95,11
DA:96,11
DA:97,11
DA:98,11
DA:99,11
DA:100,1
DA:101,1
DA:102,1
DA:103,11
DA:104,11
DA:105,11
DA:106,11
DA:107,11
DA:108,11
DA:109,11
DA:110,11
DA:111,11
DA:112,11
DA:113,11
DA:114,11
DA:115,11
DA:116,11
DA:117,11
DA:118,11
DA:119,11
DA:120,11
DA:121,11
DA:122,11
DA:123,11
DA:124,11
DA:125,1
DA:126,1
DA:127,1
DA:128,11
DA:129,11
DA:130,1
DA:131,1
DA:132,1
DA:133,1
DA:134,1
DA:135,1
DA:136,1
DA:137,1
DA:138,1
DA:139,189
DA:140,189
DA:141,189
DA:142,189
DA:143,189
DA:144,189
DA:145,189
DA:146,189
DA:147,0
DA:148,0
DA:149,0
DA:150,0
DA:151,0
DA:152,0
DA:153,189
DA:154,189
DA:155,189
DA:156,189
DA:157,1
DA:158,1
DA:159,1
DA:160,1
DA:161,1
DA:162,1
DA:163,189
DA:164,189
DA:165,189
DA:166,1
DA:167,1
DA:168,0
DA:169,0
DA:170,0
DA:171,0
DA:172,0
DA:173,0
DA:174,0
DA:175,0
DA:176,0
DA:177,0
DA:178,0
DA:179,0
DA:180,0
DA:181,0
DA:182,0
DA:183,0
DA:184,0
DA:185,0
DA:186,0
DA:187,0
DA:188,0
DA:189,0
DA:190,0
DA:191,0
DA:192,0
DA:193,0
DA:194,0
DA:195,0
DA:196,0
DA:197,0
DA:198,0
DA:199,0
DA:200,0
DA:201,0
DA:202,0
DA:203,0
DA:204,0
DA:205,0
DA:206,0
DA:207,0
DA:208,0
DA:209,0
DA:210,0
DA:211,0
DA:212,1
DA:213,1
DA:214,79
DA:215,79
DA:216,79
DA:217,79
DA:218,79
DA:219,79
DA:220,79
DA:221,79
DA:222,79
DA:223,79
DA:224,79
DA:225,79
DA:226,79
DA:227,79
DA:228,79
DA:229,79
DA:230,79
DA:231,79
DA:232,79
DA:233,79
DA:234,79
DA:235,79
DA:236,79
DA:237,79
DA:238,0
DA:239,0
DA:240,0
DA:241,0
DA:242,0
DA:243,79
DA:244,79
DA:245,79
DA:246,1
DA:247,1
DA:248,1
DA:249,1
DA:250,1
DA:251,1
DA:252,1
DA:253,1
DA:254,1
DA:255,1
DA:256,1
DA:257,1
DA:258,1
DA:259,1
DA:260,1
DA:261,1
DA:262,1
DA:263,0
DA:264,0
DA:265,1
DA:266,1
DA:267,1
DA:268,79
DA:269,79
DA:270,79
DA:271,79
DA:272,194
DA:273,194
DA:274,184
DA:275,184
DA:276,79
DA:277,79
DA:278,79
DA:279,183
DA:280,183
DA:281,183
DA:282,183
DA:283,1
DA:284,0
DA:285,183
DA:286,183
DA:287,183
DA:288,183
DA:289,183
DA:290,183
DA:291,183
DA:292,183
DA:293,183
DA:294,10
DA:295,10
DA:296,10
DA:297,173
DA:298,173
DA:299,173
DA:300,173
DA:301,173
DA:302,173
DA:303,8
DA:304,165
DA:305,0
DA:306,165
DA:307,55
DA:308,183
DA:309,183
DA:310,183
DA:311,107
DA:312,107
DA:313,107
DA:314,107
DA:315,183
DA:316,79
DA:317,79
DA:318,79
DA:319,79
DA:320,10
DA:321,10
DA:322,10
DA:323,3
DA:324,3
DA:325,10
DA:326,10
DA:327,79
DA:328,79
DA:329,79
DA:330,79
DA:331,79
DA:332,5
DA:333,5
DA:334,5
DA:335,79
DA:336,79
DA:337,79
DA:338,0
DA:339,0
DA:340,0
DA:341,79
DA:342,79
DA:343,79
DA:344,5
DA:345,5
DA:346,5
DA:347,79
DA:348,79
DA:349,79
DA:350,65
DA:351,65
DA:352,65
DA:353,79
DA:354,79
DA:355,79
DA:356,79
DA:357,1
DA:358,1
DA:359,269
DA:360,269
DA:361,269
DA:362,269
DA:363,269
DA:364,269
DA:365,79
DA:366,79
DA:367,79
DA:368,0
DA:369,79
DA:370,79
DA:371,79
DA:372,269
DA:373,190
DA:374,190
DA:375,190
DA:376,189
DA:377,189
DA:378,0
DA:379,189
DA:380,189
DA:381,189
DA:382,189
DA:383,189
DA:384,189
DA:385,189
DA:386,189
DA:387,189
DA:388,189
DA:389,1
DA:390,1
DA:391,1
DA:392,1
DA:393,1
DA:394,1
DA:395,1
DA:396,1
DA:397,1
DA:398,1
DA:399,1
DA:400,1
DA:401,1
DA:402,189
DA:403,188
DA:404,188
DA:405,188
DA:406,188
DA:407,188
DA:408,186
DA:409,0
DA:410,188
DA:411,188
DA:412,188
DA:413,188
DA:414,188
DA:415,188
DA:416,188
DA:417,188
DA:418,188
DA:419,188
DA:420,189
DA:421,190
DA:422,1
DA:423,1
DA:424,1
DA:425,1
DA:426,1
DA:427,1
DA:428,1
DA:429,1
DA:430,1
DA:431,1
DA:432,1
DA:433,0
DA:434,0
DA:435,0
DA:436,0
DA:437,0
DA:438,0
DA:439,0
DA:440,0
DA:441,0
DA:442,0
DA:443,0
DA:444,0
DA:445,0
DA:446,0
DA:447,0
DA:448,0
DA:449,0
DA:450,0
DA:451,0
DA:452,0
DA:453,0
DA:454,0
DA:455,0
DA:456,0
DA:457,0
DA:458,0
DA:459,0
DA:460,0
DA:461,0
DA:462,0
DA:463,0
DA:464,0
DA:465,0
DA:466,0
DA:467,0
DA:468,0
DA:469,0
DA:470,0
DA:471,0
DA:472,0
DA:473,0
DA:474,0
DA:475,0
DA:476,0
DA:477,0
DA:478,0
DA:479,1
DA:480,1
DA:481,1
DA:482,1
DA:483,1
DA:484,1
DA:485,1
DA:486,1
DA:487,1
DA:488,0
DA:489,0
DA:490,0
DA:491,0
DA:492,0
DA:493,0
DA:494,0
DA:495,0
DA:496,0
DA:497,0
DA:498,0
DA:499,0
DA:500,0
DA:501,0
DA:502,0
DA:503,0
DA:504,0
DA:505,0
DA:506,0
DA:507,0
DA:508,0
DA:509,0
DA:510,0
DA:511,0
DA:512,0
DA:513,0
DA:514,0
DA:515,0
DA:516,0
DA:517,0
DA:518,0
DA:519,0
DA:520,0
DA:521,0
DA:522,0
DA:523,0
DA:524,0
DA:525,0
DA:526,0
DA:527,0
DA:528,0
DA:529,0
DA:530,0
DA:531,0
DA:532,0
DA:533,0
DA:534,0
DA:535,0
DA:536,0
DA:537,0
DA:538,0
DA:539,0
DA:540,0
DA:541,0
DA:542,0
DA:543,0
DA:544,0
DA:545,0
DA:546,0
DA:547,0
DA:548,0
DA:549,0
DA:550,0
DA:551,0
DA:552,0
DA:553,0
DA:554,0
DA:555,0
DA:556,0
DA:557,0
DA:558,0
DA:559,0
DA:560,0
DA:561,0
DA:562,0
DA:563,0
DA:564,0
DA:565,0
DA:566,0
DA:567,0
DA:568,0
DA:569,0
DA:570,0
DA:571,1
DA:572,1
DA:573,0
DA:574,0
DA:575,0
DA:576,0
DA:577,0
DA:578,0
DA:579,0
DA:580,0
DA:581,0
DA:582,0
DA:583,0
DA:584,0
DA:585,0
DA:586,0
DA:587,0
DA:588,0
DA:589,0
DA:590,0
DA:591,0
DA:592,0
DA:593,0
DA:594,0
DA:595,0
DA:596,0
DA:597,0
DA:598,0
DA:599,0
DA:600,0
DA:601,0
DA:602,0
DA:603,0
DA:604,0
DA:605,0
DA:606,0
DA:607,0
DA:608,0
DA:609,1
DA:610,1
DA:611,11
DA:612,11
DA:613,11
DA:614,11
DA:615,11
DA:616,11
DA:617,11
DA:618,11
DA:619,11
DA:620,11
DA:621,11
DA:622,11
DA:623,10
DA:624,10
DA:625,10
DA:626,10
DA:627,10
DA:628,10
DA:629,10
DA:630,10
DA:631,10
DA:632,10
DA:633,10
DA:634,10
DA:635,24
DA:636,24
DA:637,0
DA:638,0
DA:639,0
DA:640,0
DA:641,0
DA:642,24
DA:643,24
DA:644,10
DA:645,10
DA:646,10
DA:647,10
DA:648,10
DA:649,0
DA:650,0
DA:651,0
DA:652,0
DA:653,10
DA:654,10
DA:655,10
DA:656,11
DA:657,11
DA:658,11
DA:659,11
DA:660,1
DA:661,1
DA:662,10
DA:663,10
DA:664,10
DA:665,10
DA:666,10
DA:667,10
DA:668,10
DA:669,10
DA:670,10
DA:671,10
DA:672,10
DA:673,10
DA:674,1
DA:675,1
DA:676,11
DA:677,0
DA:678,0
DA:679,0
DA:680,11
DA:681,1
LF:681
LH:439
BRDA:40,0,0,194
BRDA:41,1,0,194
BRDA:42,2,0,384
BRDA:43,3,0,374
BRDA:45,4,0,378
BRDA:68,5,0,5
BRDA:70,6,0,9
BRDA:71,7,0,11
BRDA:72,8,0,10
BRDA:72,9,0,4
BRDA:82,10,0,11
BRDA:102,11,0,11
BRDA:127,12,0,11
BRDA:138,13,0,189
BRDA:143,14,0,0
BRDA:143,15,0,0
BRDA:146,16,0,1
BRDA:146,17,0,0
BRDA:146,18,0,0
BRDA:156,19,0,1
BRDA:156,20,0,1
BRDA:213,21,0,79
BRDA:237,22,0,0
BRDA:245,23,0,1
BRDA:249,24,0,0
BRDA:254,25,0,0
BRDA:262,26,0,0
BRDA:265,27,0,0
BRDA:278,28,0,183
BRDA:282,29,0,1
BRDA:283,30,0,0
BRDA:286,31,0,0
BRDA:287,32,0,0
BRDA:290,33,0,0
BRDA:292,34,0,0
BRDA:293,35,0,10
BRDA:296,36,0,173
BRDA:302,37,0,8
BRDA:303,38,0,165
BRDA:304,39,0,0
BRDA:306,40,0,55
BRDA:307,41,0,110
BRDA:310,42,0,107
BRDA:319,43,0,10
BRDA:244,44,0,194
BRDA:262,45,0,2
BRDA:271,46,0,194
BRDA:273,47,0,184
BRDA:274,48,0,184
BRDA:317,49,0,194
BRDA:322,50,0,3
BRDA:328,51,0,79
BRDA:331,52,0,5
BRDA:337,53,0,0
BRDA:343,54,0,5
BRDA:349,55,0,65
BRDA:358,56,0,269
BRDA:364,57,0,79
BRDA:367,58,0,0
BRDA:372,59,0,190
BRDA:375,60,0,189
BRDA:377,61,0,0
BRDA:381,62,0,0
BRDA:388,63,0,1
BRDA:402,64,0,188
BRDA:421,65,0,1
BRDA:391,66,0,1
BRDA:405,67,0,188
BRDA:407,68,0,186
BRDA:408,69,0,0
BRDA:422,70,0,1
BRDA:610,71,0,11
BRDA:622,72,0,10
BRDA:656,73,0,0
BRDA:620,74,0,268
BRDA:623,75,0,10
BRDA:624,76,0,0
BRDA:648,77,0,0
BRDA:634,78,0,24
BRDA:636,79,0,0
BRDA:646,80,0,24
BRDA:661,81,0,10
BRDA:662,82,0,10
BRDA:667,83,0,10
BRDA:667,84,0,0
BRDA:675,85,0,11
BRDA:676,86,0,0
BRF:87
BRH:61
end_of_record
TN:
SF:core/blong-gogo/src/busGateway.ts
FN:6,decode
FN:9,default
FN:64,tokenInfo
FN:72,login
FN:132,gateway
FNF:5
FNH:1
FNDA:0,decode
FNDA:10,default
FNDA:0,tokenInfo
FNDA:0,login
FNDA:0,gateway
DA:1,1
DA:2,1
DA:3,1
DA:4,1
DA:5,1
DA:6,1
DA:7,0
DA:8,1
DA:9,1
DA:10,10
DA:11,10
DA:12,10
DA:13,10
DA:14,10
DA:15,10
DA:16,10
DA:17,10
DA:18,10
DA:19,10
DA:20,10
DA:21,10
DA:22,10
DA:23,10
DA:24,10
DA:25,10
DA:26,10
DA:27,10
DA:28,10
DA:29,10
DA:30,10
DA:31,10
DA:32,10
DA:33,10
DA:34,10
DA:35,10
DA:36,10
DA:37,10
DA:38,10
DA:39,10
DA:40,10
DA:41,10
DA:42,10
DA:43,10
DA:44,10
DA:45,10
DA:46,10
DA:47,10
DA:48,10
DA:49,10
DA:50,10
DA:51,10
DA:52,10
DA:53,10
DA:54,10
DA:55,10
DA:56,10
DA:57,10
DA:58,10
DA:59,10
DA:60,10
DA:61,10
DA:62,0
DA:63,10
DA:64,10
DA:65,0
DA:66,0
DA:67,0
DA:68,0
DA:69,0
DA:70,0
DA:71,10
DA:72,10
DA:73,0
DA:74,0
DA:75,0
DA:76,0
DA:77,0
DA:78,0
DA:79,0
DA:80,0
DA:81,0
DA:82,0
DA:83,0
DA:84,0
DA:85,0
DA:86,0
DA:87,0
DA:88,0
DA:89,0
DA:90,0
DA:91,0
DA:92,0
DA:93,0
DA:94,0
DA:95,0
DA:96,0
DA:97,0
DA:98,0
DA:99,0
DA:100,0
DA:101,0
DA:102,0
DA:103,0
DA:104,0
DA:105,0
DA:106,0
DA:107,0
DA:108,0
DA:109,0
DA:110,0
DA:111,0
DA:112,0
DA:113,0
DA:114,0
DA:115,0
DA:116,0
DA:117,0
DA:118,0
DA:119,0
DA:120,0
DA:121,0
DA:122,0
DA:123,0
DA:124,0
DA:125,0
DA:126,0
DA:127,0
DA:128,0
DA:129,0
DA:130,0
DA:131,10
DA:132,10
DA:133,0
DA:134,0
DA:135,0
DA:136,0
DA:137,0
DA:138,0
DA:139,0
DA:140,0
DA:141,0
DA:142,0
DA:143,0
DA:144,0
DA:145,0
DA:146,0
DA:147,0
DA:148,0
DA:149,0
DA:150,0
DA:151,0
DA:152,0
DA:153,0
DA:154,0
DA:155,0
DA:156,0
DA:157,0
DA:158,0
DA:159,0
DA:160,0
DA:161,0
DA:162,0
DA:163,0
DA:164,0
DA:165,0
DA:166,0
DA:167,0
DA:168,0
DA:169,0
DA:170,0
DA:171,0
DA:172,0
DA:173,0
DA:174,0
DA:175,0
DA:176,0
DA:177,0
DA:178,0
DA:179,0
DA:180,0
DA:181,0
DA:182,0
DA:183,0
DA:184,0
DA:185,0
DA:186,0
DA:187,0
DA:188,0
DA:189,0
DA:190,0
DA:191,0
DA:192,0
DA:193,0
DA:194,0
DA:195,0
DA:196,0
DA:197,0
DA:198,0
DA:199,0
DA:200,0
DA:201,0
DA:202,0
DA:203,0
DA:204,0
DA:205,0
DA:206,0
DA:207,0
DA:208,0
DA:209,0
DA:210,0
DA:211,0
DA:212,0
DA:213,0
DA:214,0
DA:215,0
DA:216,0
DA:217,0
DA:218,0
DA:219,0
DA:220,0
DA:221,0
DA:222,0
DA:223,0
DA:224,0
DA:225,0
DA:226,0
DA:227,0
DA:228,0
DA:229,0
DA:230,0
DA:231,0
DA:232,0
DA:233,0
DA:234,0
DA:235,0
DA:236,0
DA:237,0
DA:238,0
DA:239,0
DA:240,0
DA:241,0
DA:242,0
DA:243,0
DA:244,0
DA:245,0
DA:246,0
DA:247,0
DA:248,0
DA:249,0
DA:250,0
DA:251,0
DA:252,0
DA:253,0
DA:254,0
DA:255,0
DA:256,0
DA:257,0
DA:258,0
DA:259,0
DA:260,0
DA:261,0
DA:262,0
DA:263,0
DA:264,0
DA:265,0
DA:266,0
DA:267,0
DA:268,0
DA:269,0
DA:270,0
DA:271,0
DA:272,0
DA:273,0
DA:274,0
DA:275,0
DA:276,0
DA:277,0
DA:278,0
DA:279,0
DA:280,0
DA:281,10
LF:281
LH:67
BRDA:9,0,0,10
BRDA:61,1,0,0
BRF:2
BRH:1
end_of_record
TN:
SF:core/blong-gogo/src/chain.ts
FN:15,runSteps
FN:81,default
FNF:2
FNH:2
FNDA:24,runSteps
FNDA:10,default
DA:1,1
DA:2,1
DA:3,1
DA:4,1
DA:5,1
DA:6,1
DA:7,1
DA:8,1
DA:9,1
DA:10,1
DA:11,1
DA:12,1
DA:13,1
DA:14,1
DA:15,1
DA:16,24
DA:17,24
DA:18,24
DA:19,24
DA:20,24
DA:21,24
DA:22,24
DA:23,24
DA:24,24
DA:25,24
DA:26,24
DA:27,24
DA:28,24
DA:29,24
DA:30,24
DA:31,24
DA:32,127
DA:33,127
DA:34,24
DA:35,24
DA:36,24
DA:37,24
DA:38,24
DA:39,24
DA:40,24
DA:41,24
DA:42,119
DA:43,113
DA:44,113
DA:45,119
DA:46,24
DA:47,0
DA:48,0
DA:49,0
DA:50,24
DA:51,1
DA:52,1
DA:53,1
DA:54,1
DA:55,1
DA:56,1
DA:57,1
DA:58,1
DA:59,1
DA:60,1
DA:61,1
DA:62,1
DA:63,1
DA:64,1
DA:65,1
DA:66,1
DA:67,1
DA:68,1
DA:69,1
DA:70,1
DA:71,1
DA:72,1
DA:73,1
DA:74,1
DA:75,1
DA:76,1
DA:77,1
DA:78,1
DA:79,1
DA:80,1
DA:81,1
DA:82,10
DA:83,10
DA:84,10
DA:85,10
DA:86,10
DA:87,24
DA:88,10
LF:88
LH:85
BRDA:15,0,0,24
BRDA:20,1,0,24
BRDA:31,2,0,127
BRDA:37,3,0,0
BRDA:41,4,0,119
BRDA:42,5,0,113
BRDA:46,6,0,0
BRDA:81,7,0,10
BRDA:85,8,0,1
BRDA:86,9,0,24
BRF:10
BRH:8
end_of_record
TN:
SF:core/blong-gogo/src/checkpoint.ts
FN:8,checkpoint
FN:20,attachCheckpoint
FN:28,createAttachCheckpoint
FNF:3
FNH:1
FNDA:0,checkpoint
FNDA:0,attachCheckpoint
FNDA:11,createAttachCheckpoint
DA:1,1
DA:2,1
DA:3,1
DA:4,1
DA:5,1
DA:6,1
DA:7,1
DA:8,1
DA:9,0
DA:10,0
DA:11,0
DA:12,0
DA:13,0
DA:14,0
DA:15,1
DA:16,1
DA:17,1
DA:18,1
DA:19,1
DA:20,1
DA:21,0
DA:22,0
DA:23,1
DA:24,1
DA:25,1
DA:26,1
DA:27,1
DA:28,1
DA:29,11
DA:30,11
DA:31,11
DA:32,11
LF:32
LH:24
BRDA:28,0,0,11
BRDA:31,1,0,0
BRF:2
BRH:1
end_of_record
TN:
SF:core/blong-gogo/src/cors.ts
FN:1,(empty-report)
FNF:1
FNH:0
FNDA:0,(empty-report)
DA:1,0
DA:2,0
DA:3,0
DA:4,0
DA:5,0
DA:6,0
DA:7,0
DA:8,0
DA:9,0
DA:10,0
LF:10
LH:0
BRDA:1,0,0,0
BRF:1
BRH:0
end_of_record
TN:
SF:core/blong-gogo/src/error.ts
FN:6,interpolate
FN:11,getWarnHandler
FN:43,default
FN:61,get
FN:87,has
FN:100,ownKeys
FN:115,getOwnPropertyDescriptor
FN:132,get
FN:135,fetch
FN:144,define
FN:153,register
FN:187,handler
FNF:12
FNH:8
FNDA:14,interpolate
FNDA:12,getWarnHandler
FNDA:12,default
FNDA:317,get
FNDA:584,has
FNDA:0,ownKeys
FNDA:0,getOwnPropertyDescriptor
FNDA:306,get
FNDA:0,fetch
FNDA:0,define
FNDA:56,register
FNDA:14,handler
DA:1,1
DA:2,1
DA:3,1
DA:4,1
DA:5,1
DA:6,1
DA:7,14
DA:8,4
DA:9,4
DA:10,14
DA:11,1
DA:12,12
DA:13,12
DA:14,12
DA:15,12
DA:16,12
DA:17,12
DA:18,12
DA:19,11
DA:20,11
DA:21,11
DA:22,0
DA:23,0
DA:24,0
DA:25,0
DA:26,0
DA:27,0
DA:28,0
DA:29,0
DA:30,0
DA:31,0
DA:32,0
DA:33,0
DA:34,0
DA:35,0
DA:36,0
DA:37,0
DA:38,11
DA:39,11
DA:40,1
DA:41,1
DA:42,1
DA:43,1
DA:44,12
DA:45,12
DA:46,12
DA:47,12
DA:48,12
DA:49,12
DA:50,12
DA:51,12
DA:52,12
DA:53,12
DA:54,12
DA:55,12
DA:56,12
DA:57,12
DA:58,12
DA:59,12
DA:60,12
DA:61,12
DA:62,317
DA:63,317
DA:64,317
DA:65,317
DA:66,18
DA:67,18
DA:68,18
DA:69,18
DA:70,18
DA:71,22
DA:72,17
DA:73,17
DA:74,18
DA:75,18
DA:76,18
DA:77,317
DA:78,14
DA:79,14
DA:80,4
DA:81,4
DA:82,4
DA:83,4
DA:84,4
DA:85,4
DA:86,4
DA:87,12
DA:88,584
DA:89,584
DA:90,584
DA:91,584
DA:92,584
DA:93,584
DA:94,584
DA:95,584
DA:96,0
DA:97,0
DA:98,584
DA:99,584
DA:100,12
DA:101,0
DA:102,0
DA:103,0
DA:104,0
DA:105,0
DA:106,0
DA:107,0
DA:108,0
DA:109,0
DA:110,0
DA:111,0
DA:112,0
DA:113,0
DA:114,0
DA:115,12
DA:116,0
DA:117,0
DA:118,0
DA:119,0
DA:120,0
DA:121,0
DA:122,0
DA:123,0
DA:124,0
DA:125,0
DA:126,0
DA:127,0
DA:128,0
DA:129,12
DA:130,12
DA:131,12
DA:132,12
DA:133,306
DA:134,306
DA:135,12
DA:136,0
DA:137,0
DA:138,0
DA:139,0
DA:140,0
DA:141,0
DA:142,0
DA:143,0
DA:144,12
DA:145,0
DA:146,0
DA:147,0
DA:148,0
DA:149,0
DA:150,0
DA:151,0
DA:152,0
DA:153,12
DA:154,56
DA:155,56
DA:156,56
DA:157,56
DA:158,949
DA:159,0
DA:160,0
DA:161,0
DA:162,0
DA:163,0
DA:164,949
DA:165,949
DA:166,849
DA:167,100
DA:168,0
DA:169,100
DA:170,949
DA:171,949
DA:172,949
DA:173,244
DA:174,0
DA:175,0
DA:176,0
DA:177,0
DA:178,244
DA:179,244
DA:180,244
DA:181,244
DA:182,244
DA:183,705
DA:184,705
DA:185,949
DA:186,705
DA:187,705
DA:188,14
DA:189,14
DA:190,14
DA:191,14
DA:192,14
DA:193,0
DA:194,14
DA:195,14
DA:196,14
DA:197,14
DA:198,14
DA:199,14
DA:200,14
DA:201,14
DA:202,14
DA:203,14
DA:204,14
DA:205,14
DA:206,14
DA:207,14
DA:208,705
DA:209,705
DA:210,949
DA:211,705
DA:212,705
DA:213,949
DA:214,949
DA:215,949
DA:216,949
DA:217,949
DA:218,949
DA:219,949
DA:220,949
DA:221,949
DA:222,56
DA:223,56
DA:224,12
DA:225,12
DA:226,12
LF:226
LH:154
BRDA:6,0,0,14
BRDA:7,1,0,4
BRDA:8,2,0,0
BRDA:11,3,0,12
BRDA:18,4,0,11
BRDA:39,5,0,1
BRDA:43,6,0,12
BRDA:61,7,0,317
BRDA:62,8,0,0
BRDA:65,9,0,299
BRDA:65,10,0,22
BRDA:65,11,0,18
BRDA:71,12,0,17
BRDA:73,13,0,18
BRDA:77,14,0,14
BRDA:77,15,0,22
BRDA:77,16,0,14
BRDA:79,17,0,4
BRDA:87,18,0,584
BRDA:88,19,0,0
BRDA:91,20,0,0
BRDA:95,21,0,0
BRDA:132,22,0,306
BRDA:133,23,0,0
BRDA:153,24,0,56
BRDA:157,25,0,949
BRDA:158,26,0,0
BRDA:165,27,0,849
BRDA:166,28,0,100
BRDA:167,29,0,0
BRDA:170,30,0,0
BRDA:172,31,0,244
BRDA:173,32,0,0
BRDA:182,33,0,705
BRDA:185,34,0,0
BRDA:185,35,0,705
BRDA:210,36,0,0
BRDA:210,37,0,705
BRDA:212,38,0,211
BRDA:187,39,0,14
BRDA:192,40,0,0
BRDA:204,41,0,0
BRDA:206,42,0,0
BRDA:213,43,0,329
BRF:44
BRH:29
end_of_record
TN:
SF:core/blong-gogo/src/folderAnalysis.ts
FN:37,isCode
FN:45,isHandlerName
FN:70,analyzeFolder
FN:146,synthesizeServerFromHandlers
FNF:4
FNH:0
FNDA:0,isCode
FNDA:0,isHandlerName
FNDA:0,analyzeFolder
FNDA:0,synthesizeServerFromHandlers
DA:1,1
DA:2,1
DA:3,1
DA:4,1
DA:5,1
DA:6,1
DA:7,1
DA:8,1
DA:9,1
DA:10,1
DA:11,1
DA:12,1
DA:13,1
DA:14,1
DA:15,1
DA:16,1
DA:17,1
DA:18,1
DA:19,1
DA:20,1
DA:21,1
DA:22,1
DA:23,1
DA:24,1
DA:25,1
DA:26,1
DA:27,1
DA:28,1
DA:29,1
DA:30,1
DA:31,1
DA:32,1
DA:33,1
DA:34,1
DA:35,1
DA:36,1
DA:37,1
DA:38,1
DA:39,1
DA:40,1
DA:41,1
DA:42,1
DA:43,1
DA:44,1
DA:45,1
DA:46,0
DA:47,1
DA:48,1
DA:49,1
DA:50,1
DA:51,1
DA:52,1
DA:53,1
DA:54,1
DA:55,1
DA:56,1
DA:57,1
DA:58,1
DA:59,1
DA:60,1
DA:61,1
DA:62,1
DA:63,1
DA:64,1
DA:65,1
DA:66,1
DA:67,1
DA:68,1
DA:69,1
DA:70,1
DA:71,0
DA:72,0
DA:73,0
DA:74,0
DA:75,0
DA:76,0
DA:77,0
DA:78,0
DA:79,0
DA:80,0
DA:81,0
DA:82,0
DA:83,0
DA:84,0
DA:85,0
DA:86,0
DA:87,0
DA:88,0
DA:89,0
DA:90,0
DA:91,0
DA:92,0
DA:93,0
DA:94,0
DA:95,0
DA:96,0
DA:97,0
DA:98,0
DA:99,0
DA:100,0
DA:101,0
DA:102,0
DA:103,0
DA:104,0
DA:105,0
DA:106,0
DA:107,0
DA:108,0
DA:109,0
DA:110,0
DA:111,0
DA:112,0
DA:113,0
DA:114,0
DA:115,0
DA:116,0
DA:117,0
DA:118,0
DA:119,0
DA:120,0
DA:121,0
DA:122,0
DA:123,0
DA:124,0
DA:125,0
DA:126,0
DA:127,1
DA:128,1
DA:129,1
DA:130,1
DA:131,1
DA:132,1
DA:133,1
DA:134,1
DA:135,1
DA:136,1
DA:137,1
DA:138,1
DA:139,1
DA:140,1
DA:141,1
DA:142,1
DA:143,1
DA:144,1
DA:145,1
DA:146,1
DA:147,0
DA:148,0
DA:149,0
DA:150,0
DA:151,0
DA:152,0
DA:153,0
DA:154,0
DA:155,0
DA:156,0
DA:157,0
DA:158,0
DA:159,0
DA:160,0
DA:161,0
DA:162,0
DA:163,0
DA:164,0
DA:165,0
DA:166,0
DA:167,0
DA:168,0
DA:169,0
DA:170,0
DA:171,0
DA:172,0
DA:173,0
DA:174,0
DA:175,0
DA:176,0
DA:177,0
DA:178,0
DA:179,0
DA:180,0
DA:181,0
DA:182,0
DA:183,0
DA:184,0
DA:185,0
DA:186,0
DA:187,0
DA:188,0
DA:189,0
DA:190,0
DA:191,0
DA:192,0
DA:193,0
DA:194,0
DA:195,0
DA:196,0
DA:197,0
DA:198,0
DA:199,0
DA:200,0
DA:201,0
DA:202,0
DA:203,0
DA:204,0
DA:205,0
DA:206,0
DA:207,0
DA:208,0
DA:209,0
DA:210,0
DA:211,0
DA:212,0
DA:213,0
DA:214,0
DA:215,0
DA:216,0
DA:217,0
DA:218,0
DA:219,0
DA:220,0
DA:221,0
DA:222,0
DA:223,0
DA:224,0
DA:225,0
DA:226,0
DA:227,0
DA:228,0
DA:229,0
DA:230,0
DA:231,0
DA:232,0
DA:233,0
DA:234,0
DA:235,0
DA:236,0
DA:237,0
DA:238,0
DA:239,0
DA:240,0
DA:241,0
DA:242,0
DA:243,0
DA:244,0
DA:245,0
DA:246,0
DA:247,0
DA:248,0
DA:249,0
DA:250,0
DA:251,0
DA:252,0
DA:253,0
DA:254,0
DA:255,0
DA:256,0
DA:257,0
DA:258,0
DA:259,0
DA:260,0
DA:261,0
DA:262,0
DA:263,0
DA:264,0
DA:265,0
DA:266,0
DA:267,0
DA:268,0
DA:269,0
DA:270,0
DA:271,0
[...]
TN:
SF:core/test/ctp/adapter/payshield/_errors.ts
FNF:0
FNH:0
DA:1,1
DA:2,1
DA:3,1
DA:4,2
DA:5,2
DA:6,2
DA:7,2
DA:8,2
DA:9,2
DA:10,2
DA:11,2
DA:12,2
DA:13,2
DA:14,2
DA:15,2
DA:16,2
DA:17,2
DA:18,2
DA:19,2
DA:20,2
DA:21,2
DA:22,2
DA:23,2
DA:24,2
DA:25,2
DA:26,2
DA:27,2
DA:28,2
DA:29,2
DA:30,2
DA:31,2
DA:32,2
DA:33,2
DA:34,2
DA:35,2
DA:36,2
DA:37,2
DA:38,2
DA:39,2
DA:40,2
DA:41,2
DA:42,2
DA:43,2
DA:44,2
DA:45,2
DA:46,2
DA:47,2
DA:48,2
DA:49,2
DA:50,2
DA:51,2
DA:52,2
DA:53,2
DA:54,2
DA:55,2
DA:56,2
DA:57,2
DA:58,2
DA:59,2
DA:60,2
DA:61,2
DA:62,2
DA:63,2
DA:64,2
DA:65,2
DA:66,2
DA:67,2
DA:68,2
DA:69,2
DA:70,2
DA:71,2
DA:72,2
DA:73,2
DA:74,2
DA:75,2
DA:76,2
DA:77,2
DA:78,2
DA:79,2
DA:80,2
DA:81,2
DA:82,2
DA:83,2
DA:84,2
DA:85,2
DA:86,2
DA:87,2
DA:88,2
DA:89,2
DA:90,2
DA:91,2
DA:92,2
DA:93,2
DA:94,2
DA:95,2
DA:96,2
DA:97,2
DA:98,2
DA:99,2
DA:100,2
DA:101,2
DA:102,2
DA:103,2
DA:104,2
DA:105,2
DA:106,2
DA:107,2
DA:108,2
DA:109,2
DA:110,2
DA:111,2
DA:112,2
DA:113,2
DA:114,2
DA:115,2
DA:116,2
DA:117,2
DA:118,2
DA:119,2
DA:120,2
DA:121,2
DA:122,2
DA:123,2
DA:124,2
DA:125,2
DA:126,2
DA:127,2
DA:128,2
DA:129,2
DA:130,2
DA:131,2
DA:132,2
DA:133,2
DA:134,2
DA:135,2
DA:136,2
DA:137,2
DA:138,2
DA:139,2
DA:140,2
DA:141,2
DA:142,2
DA:143,2
DA:144,2
DA:145,2
DA:146,2
DA:147,2
DA:148,2
DA:149,2
DA:150,2
DA:151,2
DA:152,2
DA:153,2
DA:154,2
DA:155,2
DA:156,2
DA:157,2
DA:158,2
DA:159,2
DA:160,2
DA:161,2
DA:162,2
DA:163,2
DA:164,2
DA:165,2
DA:166,2
DA:167,2
DA:168,2
DA:169,2
DA:170,2
DA:171,2
DA:172,2
DA:173,2
DA:174,2
DA:175,2
DA:176,2
DA:177,2
DA:178,2
DA:179,2
DA:180,2
DA:181,2
DA:182,2
DA:183,2
DA:184,2
DA:185,2
DA:186,2
DA:187,2
DA:188,2
DA:189,2
DA:190,2
DA:191,2
DA:192,2
DA:193,2
DA:194,2
DA:195,2
DA:196,2
DA:197,2
DA:198,2
DA:199,2
DA:200,2
DA:201,2
DA:202,2
DA:203,2
DA:204,2
DA:205,2
DA:206,2
DA:207,2
DA:208,2
DA:209,2
DA:210,2
DA:211,2
DA:212,2
DA:213,2
DA:214,2
DA:215,2
DA:216,2
DA:217,2
DA:218,2
DA:219,2
DA:220,2
DA:221,2
DA:222,2
DA:223,2
DA:224,2
DA:225,2
DA:226,2
DA:227,2
DA:228,2
DA:229,2
DA:230,2
DA:231,2
DA:232,2
DA:233,2
DA:234,2
DA:235,2
DA:236,2
DA:237,2
DA:238,2
DA:239,2
DA:240,2
DA:241,2
DA:242,2
DA:243,2
DA:244,2
DA:245,2
DA:246,2
DA:247,2
DA:248,2
DA:249,2
DA:250,2
DA:251,2
DA:252,2
DA:253,2
DA:254,2
DA:255,2
DA:256,2
DA:257,2
DA:258,2
DA:259,2
DA:260,2
DA:261,2
DA:262,2
DA:263,2
DA:264,2
DA:265,2
DA:266,2
DA:267,2
DA:268,2
DA:269,2
DA:270,2
DA:271,2
DA:272,2
DA:273,2
LF:273
LH:273
BRDA:3,0,0,2
BRF:1
BRH:1
end_of_record
TN:
SF:core/test/ctp/adapter/payshield/decode.ts
FN:28,decode
FNF:1
FNH:1
FNDA:2,decode
DA:1,1
DA:2,1
DA:3,1
DA:4,1
DA:5,2
DA:6,2
DA:7,2
DA:8,2
DA:9,2
DA:10,2
DA:11,2
DA:12,2
DA:13,2
DA:14,2
DA:15,2
DA:16,2
DA:17,2
DA:18,2
DA:19,2
DA:20,2
DA:21,2
DA:22,2
DA:23,2
DA:24,2
DA:25,2
DA:26,2
DA:27,2
DA:28,2
DA:29,2
DA:30,2
DA:31,2
DA:32,2
DA:33,2
DA:34,2
DA:35,2
DA:36,2
DA:37,2
DA:38,2
DA:39,2
DA:40,2
DA:41,2
DA:42,2
DA:43,2
DA:44,2
DA:45,2
DA:46,2
DA:47,2
DA:48,0
DA:49,0
DA:50,2
DA:51,2
DA:52,0
DA:53,0
DA:54,0
DA:55,0
DA:56,0
DA:57,0
DA:58,0
DA:59,0
DA:60,0
DA:61,0
DA:62,0
DA:63,0
DA:64,0
DA:65,0
DA:66,0
DA:67,2
DA:68,0
DA:69,0
DA:70,0
DA:71,0
DA:72,0
DA:73,0
DA:74,0
DA:75,0
DA:76,2
DA:77,2
DA:78,2
LF:78
LH:53
BRDA:4,0,0,2
BRDA:28,1,0,2
BRDA:30,2,0,0
BRDA:33,3,0,0
BRDA:35,4,0,0
BRDA:38,5,0,0
BRDA:41,6,0,0
BRDA:47,7,0,0
BRDA:51,8,0,0
BRDA:67,9,0,0
BRF:10
BRH:2
end_of_record
TN:
SF:core/test/ctp/adapter/payshield/encode.ts
FN:39,encode
FNF:1
FNH:1
FNDA:2,encode
DA:1,1
DA:2,1
DA:3,1
DA:4,1
DA:5,1
DA:6,2
DA:7,2
DA:8,2
DA:9,2
DA:10,2
DA:11,2
DA:12,2
DA:13,2
DA:14,2
DA:15,2
DA:16,2
DA:17,2
DA:18,2
DA:19,2
DA:20,2
DA:21,2
DA:22,2
DA:23,2
DA:24,2
DA:25,2
DA:26,2
DA:27,2
DA:28,2
DA:29,2
DA:30,2
DA:31,2
DA:32,2
DA:33,0
DA:34,0
DA:35,2
DA:36,2
DA:37,2
DA:38,2
DA:39,2
DA:40,2
DA:41,2
DA:42,2
DA:43,2
DA:44,2
DA:45,2
DA:46,2
DA:47,2
DA:48,2
DA:49,2
DA:50,2
DA:51,2
DA:52,1
DA:53,1
DA:54,1
DA:55,1
DA:56,1
DA:57,0
DA:58,0
DA:59,1
DA:60,2
DA:61,2
DA:62,2
DA:63,2
DA:64,2
DA:65,2
DA:66,2
DA:67,2
DA:68,2
DA:69,2
DA:70,0
DA:71,0
DA:72,0
DA:73,0
DA:74,0
DA:75,0
DA:76,0
DA:77,0
DA:78,2
DA:79,2
DA:80,2
LF:80
LH:68
BRDA:5,0,0,2
BRDA:32,1,0,0
BRDA:36,2,0,6
BRDA:39,3,0,2
BRDA:48,4,0,0
BRDA:50,5,0,1
BRDA:50,6,0,1
BRDA:51,7,0,1
BRDA:56,8,0,0
BRDA:62,9,0,0
BRDA:69,10,0,0
BRF:11
BRH:6
end_of_record
TN:
SF:core/test/ctp/adapter/payshield/init.ts
FNF:0
FNH:0
DA:1,1
DA:2,1
DA:3,1
DA:4,1
DA:5,1
DA:6,1
DA:7,2
DA:8,2
DA:9,2
DA:10,2
DA:11,2
DA:12,2
DA:13,2
DA:14,2
DA:15,2
DA:16,2
DA:17,2
DA:18,2
DA:19,2
DA:20,2
DA:21,2
DA:22,100
DA:23,100
DA:24,100
DA:25,100
DA:26,2
DA:27,2
DA:28,2
DA:29,2
DA:30,100
DA:31,100
DA:32,100
DA:33,100
DA:34,100
DA:35,100
DA:36,100
DA:37,100
DA:38,100
DA:39,100
DA:40,100
DA:41,100
DA:42,100
DA:43,100
DA:44,96
DA:45,96
DA:46,96
DA:47,96
DA:48,96
DA:49,96
DA:50,96
DA:51,96
DA:52,96
DA:53,96
DA:54,96
DA:55,96
DA:56,100
DA:57,100
DA:58,100
DA:59,100
DA:60,100
DA:61,100
DA:62,100
DA:63,100
DA:64,100
DA:65,100
DA:66,100
DA:67,100
DA:68,100
DA:69,100
DA:70,100
DA:71,100
DA:72,2
DA:73,2
DA:74,2
DA:75,2
LF:75
LH:75
BRDA:6,0,0,2
BRDA:21,1,0,100
BRDA:22,2,0,96
BRDA:29,3,0,100
BRDA:43,4,0,96
BRDA:46,5,0,0
BRDA:59,6,0,0
BRDA:63,7,0,4
BRF:8
BRH:6
end_of_record
TN:
SF:core/test/ctp/adapter/payshield/lmk.ts
FN:5,lmk
FNF:1
FNH:1
FNDA:2,lmk
DA:1,1
DA:2,1
DA:3,1
DA:4,1
DA:5,2
DA:6,2
DA:7,2
DA:8,2
DA:9,2
DA:10,2
DA:11,2
DA:12,2
DA:13,2
DA:14,2
DA:15,0
DA:16,0
DA:17,0
DA:18,0
DA:19,0
DA:20,0
DA:21,2
DA:22,2
DA:23,1
LF:23
LH:17
BRDA:4,0,0,2
BRDA:5,1,0,2
BRDA:14,2,0,0
BRF:3
BRH:2
end_of_record
TN:
SF:core/test/ctp/adapter/payshield/mask.ts
FN:5,mask
FNF:1
FNH:0
FNDA:0,mask
DA:1,1
DA:2,1
DA:3,1
DA:4,1
DA:5,2
DA:6,0
DA:7,0
DA:8,0
DA:9,0
DA:10,0
DA:11,0
DA:12,0
DA:13,0
DA:14,0
DA:15,0
DA:16,0
DA:17,0
DA:18,0
DA:19,0
DA:20,0
DA:21,0
DA:22,0
DA:23,0
DA:24,0
DA:25,0
DA:26,0
DA:27,0
DA:28,0
DA:29,0
DA:30,0
DA:31,0
DA:32,0
DA:33,0
DA:34,0
DA:35,0
DA:36,0
DA:37,0
DA:38,0
DA:39,0
DA:40,0
DA:41,0
DA:42,0
DA:43,0
DA:44,0
DA:45,0
DA:46,0
DA:47,0
DA:48,0
DA:49,0
DA:50,0
DA:51,0
DA:52,0
DA:53,0
DA:54,0
DA:55,0
DA:56,0
DA:57,0
DA:58,0
DA:59,0
DA:60,0
DA:61,0
DA:62,0
DA:63,0
DA:64,0
DA:65,1
LF:65
LH:6
BRDA:4,0,0,2
BRF:1
BRH:1
end_of_record
TN:
SF:core/test/ctp/adapter/payshield/upperCaseObject.ts
FN:5,upperCaseObject
FNF:1
FNH:1
FNDA:2,upperCaseObject
DA:1,1
DA:2,1
DA:3,1
DA:4,1
DA:5,2
DA:6,2
DA:7,2
DA:8,2
DA:9,2
DA:10,12
DA:11,12
DA:12,12
DA:13,7
DA:14,12
DA:15,12
DA:16,2
DA:17,2
DA:18,1
LF:18
LH:18
BRDA:4,0,0,2
BRDA:5,1,0,2
BRDA:9,2,0,12
BRDA:12,3,0,7
BRDA:13,4,0,9
BRF:5
BRH:5
end_of_record
TN:
SF:core/test/ctp/gateway/payshield/common.ts
FNF:0
FNH:0
DA:1,1
DA:2,1
DA:3,1
DA:4,1
DA:5,1
DA:6,1
DA:7,1
DA:8,1
DA:9,1
DA:10,1
DA:11,1
DA:12,1
DA:13,1
LF:13
LH:13
BRDA:3,0,0,1
BRF:1
BRH:1
end_of_record
TN:
SF:core/test/ctp/gateway/payshield/echo.ts
FN:5,payshieldEcho
FNF:1
FNH:1
FNDA:1,payshieldEcho
DA:1,1
DA:2,1
DA:3,1
DA:4,1
DA:5,1
DA:6,1
DA:7,1
DA:8,1
DA:9,1
DA:10,1
DA:11,1
DA:12,1
DA:13,1
LF:13
LH:13
BRDA:4,0,0,1
BRDA:5,1,0,1
BRF:2
BRH:2
end_of_record
TN:
SF:core/test/ctp/gateway/payshield/generateKey.ts
FN:4,payshieldGenerateKey
FNF:1
FNH:1
FNDA:1,payshieldGenerateKey
DA:1,1
DA:2,1
DA:3,1
DA:4,1
DA:5,1
DA:6,1
DA:7,1
DA:8,1
DA:9,1
DA:10,1
DA:11,1
DA:12,1
DA:13,1
DA:14,1
DA:15,1
DA:16,1
DA:17,1
DA:18,1
DA:19,1
LF:19
LH:19
BRDA:3,0,0,1
BRDA:4,1,0,1
BRF:2
BRH:2
end_of_record
TN:
SF:core/test/ctp/sim/payshieldSim.ts
FN:19,receive
FN:21,$meta.dispatch
FNF:2
FNH:2
FNDA:1,receive
FNDA:1,$meta.dispatch
DA:1,1
DA:2,1
DA:3,1
DA:4,1
DA:5,1
DA:6,1
DA:7,1
DA:8,1
DA:9,1
DA:10,1
DA:11,1
DA:12,1
DA:13,1
DA:14,1
DA:15,1
DA:16,1
DA:17,1
DA:18,1
DA:19,1
DA:20,1
DA:21,1
DA:22,1
DA:23,1
DA:24,1
DA:25,1
DA:26,1
DA:27,1
DA:28,1
DA:29,1
DA:30,1
DA:31,1
DA:32,1
DA:33,1
DA:34,1
DA:35,1
DA:36,1
LF:36
LH:36
BRDA:3,0,0,1
BRDA:19,1,0,1
BRDA:21,2,0,1
BRDA:22,3,0,0
BRF:4
BRH:3
end_of_record
TN:
SF:core/test/ctp/test/test/testTcpLoop.ts
FN:5,testTcpLoop
FN:8,tcp
FNF:2
FNH:2
FNDA:1,testTcpLoop
FNDA:1,tcp
DA:1,1
DA:2,1
DA:3,1
DA:4,1
DA:5,6
DA:6,1
DA:7,1
DA:8,1
DA:9,1
DA:10,1
DA:11,1
DA:12,1
DA:13,1
DA:14,1
DA:15,1
DA:16,1
DA:17,1
DA:18,1
DA:19,6
LF:19
LH:19
BRDA:4,0,0,6
BRDA:5,1,0,1
BRDA:8,2,0,1
BRF:3
BRH:3
end_of_record
TN:
SF:core/test/db/index.ts
FN:1,(empty-report)
FNF:1
FNH:0
FNDA:0,(empty-report)
DA:1,0
DA:2,0
DA:3,0
DA:4,0
DA:5,0
DA:6,0
DA:7,0
DA:8,0
DA:9,0
DA:10,0
DA:11,0
DA:12,0
DA:13,0
DA:14,0
DA:15,0
DA:16,0
DA:17,0
DA:18,0
DA:19,0
DA:20,0
DA:21,0
DA:22,0
DA:23,0
DA:24,0
DA:25,0
DA:26,0
DA:27,0
DA:28,0
DA:29,0
DA:30,0
DA:31,0
DA:32,0
DA:33,0
DA:34,0
DA:35,0
DA:36,0
DA:37,0
DA:38,0
DA:39,0
DA:40,0
DA:41,0
DA:42,0
DA:43,0
DA:44,0
DA:45,0
LF:45
LH:0
BRDA:1,0,0,0
BRF:1
BRH:0
end_of_record
TN:
SF:core/test/db/server.ts
FN:1,(empty-report)
FNF:1
FNH:0
FNDA:0,(empty-report)
DA:1,0
DA:2,0
DA:3,0
DA:4,0
DA:5,0
DA:6,0
DA:7,0
DA:8,0
DA:9,0
DA:10,0
DA:11,0
LF:11
LH:0
BRDA:1,0,0,0
BRF:1
BRH:0
end_of_record
TN:
SF:core/test/db/adapter/sql.ts
FN:1,(empty-report)
FNF:1
FNH:0
FNDA:0,(empty-report)
DA:1,0
DA:2,0
DA:3,0
DA:4,0
DA:5,0
DA:6,0
DA:7,0
DA:8,0
DA:9,0
DA:10,0
DA:11,0
DA:12,0
DA:13,0
DA:14,0
DA:15,0
DA:16,0
DA:17,0
DA:18,0
DA:19,0
DA:20,0
DA:21,0
DA:22,0
DA:23,0
DA:24,0
DA:25,0
DA:26,0
DA:27,0
DA:28,0
LF:28
LH:0
BRDA:1,0,0,0
BRF:1
BRH:0
end_of_record
TN:
SF:core/test/demo/browser.ts
FNF:0
FNH:0
DA:1,1
DA:2,1
DA:3,1
LF:3
LH:3
BRDA:3,0,0,1
BRF:1
BRH:1
end_of_record
TN:
SF:core/test/demo/server.ts
FNF:0
FNH:0
DA:1,1
DA:2,1
DA:3,1
LF:3
LH:3
BRDA:3,0,0,1
BRF:1
BRH:1
end_of_record
TN:
SF:core/test/demo/adapter/http.ts
FNF:0
FNH:0
DA:1,1
DA:2,1
DA:3,1
DA:4,1
DA:5,1
DA:6,1
DA:7,1
DA:8,1
DA:9,1
DA:10,1
DA:11,1
DA:12,1
DA:13,1
DA:14,1
DA:15,1
DA:16,1
DA:17,1
DA:18,1
DA:19,1
LF:19
LH:19
BRDA:3,0,0,1
BRF:1
BRH:1
end_of_record
TN:
SF:core/test/demo/adapter/mock.ts
FN:4,subjectObjectPredicate
FNF:1
FNH:0
FNDA:0,subjectObjectPredicate
DA:1,1
DA:2,1
DA:3,1
DA:4,1
DA:5,1
LF:5
LH:5
BRF:0
BRH:0
end_of_record
TN:
SF:core/test/demo/error/error.ts
FNF:0
FNH:0
DA:1,1
DA:2,1
DA:3,1
LF:3
LH:3
BRF:0
BRH:0
end_of_record
TN:
SF:core/test/demo/gateway/test/test.demo.add.ts
FN:5,testDemoAdd
FNF:1
FNH:1
FNDA:1,testDemoAdd
DA:1,1
DA:2,1
DA:3,1
DA:4,1
DA:5,1
DA:6,1
DA:7,1
DA:8,1
DA:9,1
DA:10,1
DA:11,1
DA:12,1
LF:12
LH:12
BRDA:4,0,0,1
BRDA:5,1,0,1
BRF:2
BRH:2
end_of_record
TN:
SF:core/test/demo/orchestrator/subjectDispatch.ts
FNF:0
FNH:0
DA:1,1
DA:2,1
DA:3,1
DA:4,1
DA:5,1
DA:6,1
DA:7,1
DA:8,1
DA:9,1
DA:10,1
DA:11,1
DA:12,1
LF:12
LH:12
BRDA:3,0,0,1
BRF:1
BRH:1
end_of_record
TN:
SF:core/test/demo/orchestrator/clock/clockGet.ts
FN:5,dstOffset
FN:12,weekNumber
FNF:2
FNH:0
FNDA:0,dstOffset
FNDA:0,weekNumber
DA:1,1
DA:2,1
DA:3,1
DA:4,1
DA:5,0
DA:6,0
DA:7,0
DA:8,0
DA:9,0
DA:10,0
DA:11,1
DA:12,0
DA:13,0
DA:14,0
DA:15,0
DA:16,0
DA:17,0
DA:18,1
DA:19,1
DA:20,1
DA:21,0
DA:22,0
DA:23,0
DA:24,0
DA:25,0
DA:26,0
DA:27,0
DA:28,0
DA:29,0
DA:30,0
DA:31,0
DA:32,0
DA:33,0
DA:34,0
DA:35,0
DA:36,0
DA:37,0
DA:38,0
DA:39,0
DA:40,0
DA:41,0
DA:42,0
DA:43,0
DA:44,1
LF:44
LH:9
BRF:0
BRH:0
end_of_record
TN:
SF:core/test/demo/orchestrator/subject/age.ts
FN:5,age
FNF:1
FNH:1
FNDA:2,age
DA:1,1
DA:2,1
DA:3,1
DA:4,1
DA:5,2
DA:6,2
DA:7,2
DA:8,2
DA:9,2
DA:10,2
DA:11,2
DA:12,2
DA:13,2
DA:14,0
DA:15,0
DA:16,2
DA:17,2
DA:18,2
DA:19,1
LF:19
LH:17
BRDA:4,0,0,2
BRDA:5,1,0,2
BRDA:13,2,0,0
BRF:3
BRH:2
end_of_record
TN:
SF:core/test/demo/orchestrator/subject/subjectAge.ts
FN:14,subjectAge
FNF:1
FNH:1
FNDA:2,subjectAge
DA:1,1
DA:2,1
DA:3,1
DA:4,1
DA:5,1
DA:6,1
DA:7,1
DA:8,1
DA:9,1
DA:10,1
DA:11,1
DA:12,1
DA:13,1
DA:14,1
DA:15,2
DA:16,2
DA:17,2
DA:18,2
DA:19,2
DA:20,2
DA:21,2
DA:22,2
DA:23,2
DA:24,2
DA:25,2
DA:26,1
LF:26
LH:26
BRDA:13,0,0,1
BRDA:14,1,0,2
BRF:2
BRH:2
end_of_record
TN:
SF:core/test/demo/orchestrator/subject/subjectHello.ts
FN:9,subjectHello
FNF:1
FNH:0
FNDA:0,subjectHello
DA:1,1
DA:2,1
DA:3,1
DA:4,1
DA:5,1
DA:6,1
DA:7,1
DA:8,1
DA:9,1
DA:10,0
DA:11,0
DA:12,0
DA:13,0
DA:14,0
DA:15,1
LF:15
LH:10
BRDA:8,0,0,1
BRF:1
BRH:1
end_of_record
TN:
SF:core/test/demo/orchestrator/subject/subjectNumberAverage.ts
FN:14,mathNumberAverage
FNF:1
FNH:0
FNDA:0,mathNumberAverage
DA:1,1
DA:2,1
DA:3,1
DA:4,1
DA:5,1
DA:6,1
DA:7,1
DA:8,1
DA:9,1
DA:10,1
DA:11,1
DA:12,1
DA:13,1
DA:14,1
DA:15,0
DA:16,0
DA:17,0
DA:18,0
DA:19,1
LF:19
LH:15
BRDA:6,0,0,1
BRF:1
BRH:1
end_of_record
TN:
SF:core/test/demo/orchestrator/subject/subjectNumberSum.ts
FN:7,subjectNumberSum
FNF:1
FNH:1
FNDA:3,subjectNumberSum
DA:1,1
DA:2,1
DA:3,1
DA:4,1
DA:5,1
DA:6,1
DA:7,1
DA:8,3
DA:9,3
DA:10,3
DA:11,3
DA:12,3
DA:13,1
LF:13
LH:13
BRDA:6,0,0,1
BRDA:7,1,0,3
BRF:2
BRH:2
end_of_record
TN:
SF:core/test/demo/orchestrator/subject/subjectObjectSendReceive.ts
FN:4,subjectObjectSend
FN:8,subjectObjectReceive
FNF:2
FNH:0
FNDA:0,subjectObjectSend
FNDA:0,subjectObjectReceive
DA:1,1
DA:2,1
DA:3,1
DA:4,1
DA:5,0
DA:6,0
DA:7,0
DA:8,1
DA:9,0
DA:10,0
DA:11,0
DA:12,1
LF:12
LH:6
BRDA:3,0,0,1
BRF:1
BRH:1
end_of_record
TN:
SF:core/test/demo/orchestrator/subject/sum.ts
FN:5,sum
FNF:1
FNH:1
FNDA:3,sum
DA:1,1
DA:2,1
DA:3,1
DA:4,1
DA:5,2
DA:6,3
DA:7,5
DA:8,4
DA:9,3
DA:10,3
DA:11,1
LF:11
LH:11
BRDA:4,0,0,2
BRDA:5,1,0,3
BRDA:6,2,0,5
BRDA:7,3,0,1
BRDA:7,4,0,4
BRF:5
BRH:5
end_of_record
TN:
SF:core/test/demo/orchestrator/subject/~.schema.ts
FNF:0
FNH:0
DA:1,1
DA:2,1
DA:3,1
DA:4,1
DA:5,1
DA:6,1
DA:7,1
DA:8,1
DA:9,1
DA:10,1
DA:11,1
DA:12,1
DA:13,1
DA:14,1
DA:15,1
DA:16,1
DA:17,1
DA:18,1
DA:19,1
DA:20,1
DA:21,1
DA:22,1
DA:23,1
DA:24,1
DA:25,1
DA:26,1
DA:27,1
DA:28,1
DA:29,1
DA:30,1
DA:31,1
DA:32,1
DA:33,1
DA:34,1
DA:35,1
DA:36,1
DA:37,1
DA:38,1
DA:39,1
DA:40,1
DA:41,1
DA:42,1
DA:43,1
DA:44,1
DA:45,1
DA:46,1
DA:47,1
LF:47
LH:47
BRF:0
BRH:0
end_of_record
TN:
SF:core/test/demo/test/feature/fetchCountry.ts
FNF:0
FNH:0
DA:1,1
DA:2,1
DA:3,1
DA:4,1
DA:5,1
DA:6,1
DA:7,1
DA:8,1
DA:9,1
DA:10,1
LF:10
LH:10
BRF:0
BRH:0
end_of_record
TN:
SF:core/test/demo/test/feature/login.ts
FNF:0
FNH:0
DA:1,1
DA:2,1
DA:3,1
DA:4,1
DA:5,1
DA:6,1
DA:7,1
DA:8,1
DA:9,1
DA:10,1
DA:11,1
DA:12,1
DA:13,1
DA:14,1
DA:15,1
DA:16,1
DA:17,1
DA:18,1
DA:19,1
DA:20,1
DA:21,1
LF:21
LH:21
BRF:0
BRH:0
end_of_record
TN:
SF:core/test/demo/test/test/testNumberSum.ts
FN:6,testNumberSum
FN:10,sum
FNF:2
FNH:2
FNDA:1,testNumberSum
FNDA:1,sum
DA:1,1
DA:2,1
DA:3,1
DA:4,1
DA:5,1
DA:6,6
DA:7,1
DA:8,1
DA:9,1
DA:10,1
DA:11,1
DA:12,1
DA:13,1
DA:14,1
DA:15,1
DA:16,1
DA:17,1
DA:18,1
DA:19,1
DA:20,1
DA:21,1
DA:22,1
DA:23,1
DA:24,1
DA:25,1
DA:26,1
DA:27,6
DA:28,1
LF:28
LH:28
BRDA:5,0,0,6
BRDA:6,1,0,1
BRDA:10,2,0,1
BRF:3
BRH:3
end_of_record
TN:
SF:core/test/demo/test/test/testNumberSumReuse.ts
FN:4,testNumberSumReuse
FNF:1
FNH:0
FNDA:0,testNumberSumReuse
DA:1,1
DA:2,1
DA:3,1
DA:4,6
DA:5,0
DA:6,0
DA:7,0
DA:8,0
DA:9,6
LF:9
LH:5
BRDA:3,0,0,6
BRF:1
BRH:1
end_of_record
TN:
SF:core/test/demo/test/test/testSnapshotStrategies.ts
FN:31,testSnapshotStrategyA
FN:51,testSnapshotStrategyB
FN:72,testSnapshotStrategyC
FN:101,testSnapshotStrategyD
FN:123,testSnapshotHybrid
FNF:5
FNH:0
FNDA:0,testSnapshotStrategyA
FNDA:0,testSnapshotStrategyB
FNDA:0,testSnapshotStrategyC
FNDA:0,testSnapshotStrategyD
FNDA:0,testSnapshotHybrid
DA:1,1
DA:2,1
DA:3,1
DA:4,1
DA:5,1
DA:6,1
DA:7,1
DA:8,1
DA:9,1
DA:10,1
DA:11,1
DA:12,1
DA:13,1
DA:14,1
DA:15,1
DA:16,1
DA:17,1
DA:18,1
DA:19,1
DA:20,1
DA:21,1
DA:22,1
DA:23,6
DA:24,6
DA:25,6
DA:26,6
DA:27,6
DA:28,6
DA:29,6
DA:30,6
DA:31,6
DA:32,0
DA:33,0
DA:34,0
DA:35,0
DA:36,0
DA:37,0
DA:38,0
DA:39,0
DA:40,0
DA:41,0
DA:42,0
DA:43,0
DA:44,0
DA:45,0
DA:46,6
DA:47,6
DA:48,6
DA:49,6
DA:50,6
DA:51,6
DA:52,0
DA:53,0
DA:54,0
DA:55,0
DA:56,0
DA:57,0
DA:58,0
DA:59,0
DA:60,0
DA:61,0
DA:62,0
DA:63,0
DA:64,0
DA:65,0
DA:66,0
DA:67,6
DA:68,6
DA:69,6
DA:70,6
DA:71,6
DA:72,6
DA:73,0
DA:74,0
DA:75,0
DA:76,0
DA:77,0
DA:78,0
DA:79,0
DA:80,0
DA:81,0
DA:82,0
DA:83,0
DA:84,0
DA:85,0
DA:86,0
DA:87,0
DA:88,0
DA:89,0
DA:90,0
DA:91,0
DA:92,0
DA:93,0
DA:94,0
DA:95,0
DA:96,6
DA:97,6
DA:98,6
DA:99,6
DA:100,6
DA:101,6
DA:102,0
DA:103,0
DA:104,0
DA:105,0
DA:106,0
DA:107,0
DA:108,0
DA:109,0
DA:110,0
DA:111,0
DA:112,0
DA:113,0
DA:114,0
DA:115,0
DA:116,0
DA:117,0
DA:118,6
DA:119,6
DA:120,6
DA:121,6
DA:122,6
DA:123,6
DA:124,0
DA:125,0
DA:126,0
DA:127,0
DA:128,0
DA:129,0
DA:130,0
DA:131,0
DA:132,0
DA:133,0
DA:134,0
DA:135,0
DA:136,0
DA:137,0
DA:138,0
DA:139,0
DA:140,0
DA:141,0
DA:142,0
DA:143,0
DA:144,0
DA:145,0
DA:146,0
DA:147,0
DA:148,0
DA:149,0
DA:150,0
DA:151,0
DA:152,0
DA:153,0
DA:154,0
DA:155,0
DA:156,0
DA:157,0
DA:158,0
DA:159,0
DA:160,6
DA:161,1
LF:161
LH:57
BRDA:22,0,0,6
BRF:1
BRH:1
end_of_record
TN:
SF:core/test/demo/test/ui/playwright.ts
FN:1,default
FNF:1
FNH:0
FNDA:0,default
DA:1,1
DA:2,0
DA:3,0
DA:4,0
DA:5,0
DA:6,0
DA:7,0
DA:8,0
DA:9,0
DA:10,0
DA:11,0
LF:11
LH:1
BRDA:1,0,0,0
BRF:1
BRH:0
end_of_record
TN:
SF:core/test/nscfg/server.ts
FNF:0
FNH:0
DA:1,1
DA:2,1
DA:3,1
DA:4,1
DA:5,1
DA:6,1
DA:7,1
DA:8,1
DA:9,1
DA:10,1
DA:11,1
DA:12,1
DA:13,1
DA:14,1
DA:15,1
DA:16,1
DA:17,1
DA:18,1
DA:19,1
DA:20,1
DA:21,1
DA:22,1
DA:23,1
DA:24,1
LF:24
LH:24
BRDA:3,0,0,1
BRF:1
BRH:1
end_of_record
TN:
SF:core/test/nscfg/nscfg/server.ts
FNF:0
FNH:0
DA:1,1
DA:2,1
DA:3,1
DA:4,1
DA:5,1
DA:6,1
DA:7,1
DA:8,1
DA:9,1
DA:10,1
DA:11,1
DA:12,1
DA:13,1
DA:14,1
DA:15,1
DA:16,1
LF:16
LH:16
BRDA:3,0,0,1
BRF:1
BRH:1
end_of_record
TN:
SF:core/test/nscfg/nscfg/orchestrator/cfgDispatch.ts
FNF:0
FNH:0
DA:1,1
DA:2,1
DA:3,1
DA:4,1
DA:5,1
DA:6,1
DA:7,1
DA:8,1
DA:9,1
DA:10,1
DA:11,1
DA:12,1
DA:13,1
DA:14,1
DA:15,1
LF:15
LH:15
BRDA:3,0,0,1
BRF:1
BRH:1
end_of_record
TN:
SF:core/test/nscfg/nscfg/orchestrator/cfg/cfgGet.ts
FN:5,cfgGet
FNF:1
FNH:1
FNDA:2,cfgGet
DA:1,1
DA:2,1
DA:3,1
DA:4,1
DA:5,1
DA:6,2
DA:7,2
DA:8,1
LF:8
LH:8
BRDA:4,0,0,1
BRDA:5,1,0,2
BRDA:6,2,0,0
BRDA:6,3,0,0
BRF:4
BRH:2
end_of_record
TN:
SF:core/test/nscfg/nscfg/orchestrator/cfg/config.ts
FNF:0
FNH:0
DA:1,1
DA:2,1
DA:3,1
DA:4,1
DA:5,1
DA:6,1
DA:7,1
DA:8,1
DA:9,1
LF:9
LH:9
BRF:0
BRH:0
end_of_record
TN:
SF:core/test/nscfg/nscfg/test/testDispatch.ts
FNF:0
FNH:0
DA:1,1
DA:2,1
DA:3,1
DA:4,1
DA:5,1
DA:6,1
DA:7,1
DA:8,1
DA:9,1
DA:10,1
DA:11,1
DA:12,1
DA:13,1
DA:14,1
DA:15,1
DA:16,1
DA:17,1
DA:18,1
LF:18
LH:18
BRDA:3,0,0,1
BRF:1
BRH:1
end_of_record
TN:
SF:core/test/nscfg/nscfg/test/test/testCfgGet.ts
FN:6,testCfgGet
FN:8,configTsActivationApplied
FN:19,namespaceOverrideApplied
FNF:3
FNH:3
FNDA:1,testCfgGet
FNDA:1,configTsActivationApplied
FNDA:1,namespaceOverrideApplied
DA:1,1
DA:2,1
DA:3,1
DA:4,1
DA:5,1
DA:6,2
DA:7,1
DA:8,1
DA:9,1
DA:10,1
DA:11,1
DA:12,1
DA:13,1
DA:14,1
DA:15,1
DA:16,1
DA:17,1
DA:18,1
DA:19,1
DA:20,1
DA:21,1
DA:22,1
DA:23,1
DA:24,1
DA:25,1
DA:26,1
DA:27,1
DA:28,1
DA:29,1
DA:30,1
DA:31,2
DA:32,1
LF:32
LH:32
BRDA:5,0,0,2
BRDA:6,1,0,1
BRDA:8,2,0,1
BRDA:19,3,0,1
BRF:4
BRH:4
end_of_record
TN:
SF:core/test/parking/browser.ts
FNF:0
FNH:0
DA:1,1
DA:2,1
DA:3,1
LF:3
LH:3
BRDA:3,0,0,1
BRF:1
BRH:1
end_of_record
TN:
SF:core/test/parking/server.ts
FNF:0
FNH:0
DA:1,1
DA:2,1
DA:3,1
LF:3
LH:3
BRDA:3,0,0,1
BRF:1
BRH:1
end_of_record
TN:
SF:core/test/parking/gateway/parking/test.ts
FN:5,parkingTest
FNF:1
FNH:1
FNDA:1,parkingTest
DA:1,1
DA:2,1
DA:3,1
DA:4,1
DA:5,1
DA:6,1
DA:7,1
DA:8,1
DA:9,1
DA:10,1
DA:11,1
DA:12,1
DA:13,1
DA:14,1
LF:14
LH:14
BRDA:4,0,0,1
BRDA:5,1,0,1
BRF:2
BRH:2
end_of_record
TN:
SF:core/test/parking/orchestrator/dispatch.ts
FNF:0
FNH:0
DA:1,1
DA:2,1
DA:3,1
DA:4,1
DA:5,1
DA:6,1
DA:7,1
DA:8,1
DA:9,1
DA:10,1
DA:11,1
LF:11
LH:11
BRDA:3,0,0,1
BRF:1
BRH:1
end_of_record
TN:
SF:core/test/parking/orchestrator/parking.ts
FN:6,parkingTest
FNF:1
FNH:1
FNDA:4,parkingTest
DA:1,1
DA:2,1
DA:3,1
DA:4,1
DA:5,1
DA:6,1
DA:7,4
DA:8,1
DA:9,1
DA:10,1
DA:11,1
DA:12,1
DA:13,1
DA:14,1
LF:14
LH:14
BRDA:3,0,0,1
BRDA:6,1,0,4
BRDA:7,2,0,3
BRDA:7,3,0,1
BRF:4
BRH:4
end_of_record
TN:
SF:core/test/parking/test/test/testDispatchLoop.ts
FN:5,testDispatchLoop
FN:8,dispatch
FNF:2
FNH:2
FNDA:1,testDispatchLoop
FNDA:1,dispatch
DA:1,1
DA:2,1
DA:3,1
DA:4,1
DA:5,6
DA:6,1
DA:7,1
DA:8,1
DA:9,1
DA:10,1
DA:11,1
DA:12,1
DA:13,1
DA:14,1
DA:15,1
DA:16,1
DA:17,1
DA:18,1
DA:19,1
DA:20,1
DA:21,1
DA:22,1
DA:23,1
DA:24,1
DA:25,1
DA:26,1
DA:27,1
DA:28,1
DA:29,1
DA:30,1
DA:31,1
DA:32,1
DA:33,1
DA:34,1
DA:35,1
DA:36,1
DA:37,1
DA:38,1
DA:39,1
DA:40,1
DA:41,1
DA:42,1
DA:43,6
LF:43
LH:43
BRDA:4,0,0,6
BRDA:5,1,0,1
BRDA:8,2,0,1
BRF:3
BRH:3
end_of_record
